<?xml version="1.0" encoding="UTF-8"?>
<testsuite name="com.gdscys.cokepoke.controller.PokeControllerTest" tests="3" skipped="0" failures="0" errors="0" timestamp="2023-10-11T11:36:36" hostname="ganghuijins-MacBook-Air.local" time="4.989">
  <properties/>
  <testcase name="친구 아닌 사람 포크하기" classname="com.gdscys.cokepoke.controller.PokeControllerTest" time="2.372"/>
  <testcase name="24시간 이내에는 한번만 포크 가능" classname="com.gdscys.cokepoke.controller.PokeControllerTest" time="1.3"/>
  <testcase name="포크하기" classname="com.gdscys.cokepoke.controller.PokeControllerTest" time="1.313"/>
  <system-out><![CDATA[20:36:32.772 [Test worker] DEBUG org.springframework.test.context.BootstrapUtils - Instantiating CacheAwareContextLoaderDelegate from class [org.springframework.test.context.cache.DefaultCacheAwareContextLoaderDelegate]
20:36:32.777 [Test worker] DEBUG org.springframework.test.context.BootstrapUtils - Instantiating BootstrapContext using constructor [public org.springframework.test.context.support.DefaultBootstrapContext(java.lang.Class,org.springframework.test.context.CacheAwareContextLoaderDelegate)]
20:36:32.793 [Test worker] DEBUG org.springframework.test.context.BootstrapUtils - Instantiating TestContextBootstrapper for test class [com.gdscys.cokepoke.controller.PokeControllerTest] from class [org.springframework.boot.test.context.SpringBootTestContextBootstrapper]
20:36:32.799 [Test worker] INFO org.springframework.boot.test.context.SpringBootTestContextBootstrapper - Neither @ContextConfiguration nor @ContextHierarchy found for test class [com.gdscys.cokepoke.controller.PokeControllerTest], using SpringBootContextLoader
20:36:32.801 [Test worker] DEBUG org.springframework.test.context.support.AbstractContextLoader - Did not detect default resource location for test class [com.gdscys.cokepoke.controller.PokeControllerTest]: class path resource [com/gdscys/cokepoke/controller/PokeControllerTest-context.xml] does not exist
20:36:32.801 [Test worker] DEBUG org.springframework.test.context.support.AbstractContextLoader - Did not detect default resource location for test class [com.gdscys.cokepoke.controller.PokeControllerTest]: class path resource [com/gdscys/cokepoke/controller/PokeControllerTestContext.groovy] does not exist
20:36:32.802 [Test worker] INFO org.springframework.test.context.support.AbstractContextLoader - Could not detect default resource locations for test class [com.gdscys.cokepoke.controller.PokeControllerTest]: no resource found for suffixes {-context.xml, Context.groovy}.
20:36:32.802 [Test worker] INFO org.springframework.test.context.support.AnnotationConfigContextLoaderUtils - Could not detect default configuration classes for test class [com.gdscys.cokepoke.controller.PokeControllerTest]: PokeControllerTest does not declare any static, non-private, non-final, nested classes annotated with @Configuration.
20:36:32.832 [Test worker] DEBUG org.springframework.test.context.support.ActiveProfilesUtils - Could not find an 'annotation declaring class' for annotation type [org.springframework.test.context.ActiveProfiles] and class [com.gdscys.cokepoke.controller.PokeControllerTest]
20:36:32.861 [Test worker] DEBUG org.springframework.context.annotation.ClassPathScanningCandidateComponentProvider - Identified candidate component class: file [/Users/jinny/Downloads/coke-poke/build/classes/java/main/com/gdscys/cokepoke/CokePokeApplication.class]
20:36:32.862 [Test worker] INFO org.springframework.boot.test.context.SpringBootTestContextBootstrapper - Found @SpringBootConfiguration com.gdscys.cokepoke.CokePokeApplication for test class com.gdscys.cokepoke.controller.PokeControllerTest
20:36:32.916 [Test worker] DEBUG org.springframework.boot.test.context.SpringBootTestContextBootstrapper - @TestExecutionListeners is not present for class [com.gdscys.cokepoke.controller.PokeControllerTest]: using defaults.
20:36:32.917 [Test worker] INFO org.springframework.boot.test.context.SpringBootTestContextBootstrapper - Loaded default TestExecutionListener class names from location [META-INF/spring.factories]: [org.springframework.security.test.context.support.WithSecurityContextTestExecutionListener, org.springframework.security.test.context.support.ReactorContextTestExecutionListener, org.springframework.boot.test.autoconfigure.restdocs.RestDocsTestExecutionListener, org.springframework.boot.test.autoconfigure.web.client.MockRestServiceServerResetTestExecutionListener, org.springframework.boot.test.autoconfigure.web.servlet.MockMvcPrintOnlyOnFailureTestExecutionListener, org.springframework.boot.test.autoconfigure.web.servlet.WebDriverTestExecutionListener, org.springframework.boot.test.autoconfigure.webservices.client.MockWebServiceServerTestExecutionListener, org.springframework.boot.test.mock.mockito.MockitoTestExecutionListener, org.springframework.boot.test.mock.mockito.ResetMocksTestExecutionListener, org.springframework.test.context.web.ServletTestExecutionListener, org.springframework.test.context.support.DirtiesContextBeforeModesTestExecutionListener, org.springframework.test.context.event.ApplicationEventsTestExecutionListener, org.springframework.test.context.support.DependencyInjectionTestExecutionListener, org.springframework.test.context.support.DirtiesContextTestExecutionListener, org.springframework.test.context.transaction.TransactionalTestExecutionListener, org.springframework.test.context.jdbc.SqlScriptsTestExecutionListener, org.springframework.test.context.event.EventPublishingTestExecutionListener]
20:36:32.926 [Test worker] INFO org.springframework.boot.test.context.SpringBootTestContextBootstrapper - Using TestExecutionListeners: [org.springframework.test.context.web.ServletTestExecutionListener@304a9d7b, org.springframework.test.context.support.DirtiesContextBeforeModesTestExecutionListener@6bfdb014, org.springframework.test.context.event.ApplicationEventsTestExecutionListener@72889280, org.springframework.boot.test.mock.mockito.MockitoTestExecutionListener@606fc505, org.springframework.boot.test.autoconfigure.SpringBootDependencyInjectionTestExecutionListener@4aa3d36, org.springframework.test.context.support.DirtiesContextTestExecutionListener@2d140a7, org.springframework.test.context.transaction.TransactionalTestExecutionListener@347bdeef, org.springframework.test.context.jdbc.SqlScriptsTestExecutionListener@2aa27288, org.springframework.security.test.context.support.WithSecurityContextTestExecutionListener@7f34a967, org.springframework.test.context.event.EventPublishingTestExecutionListener@77e80a5e, org.springframework.security.test.context.support.ReactorContextTestExecutionListener@1d8e2eea, org.springframework.boot.test.autoconfigure.restdocs.RestDocsTestExecutionListener@240139e1, org.springframework.boot.test.autoconfigure.web.client.MockRestServiceServerResetTestExecutionListener@7ea4d397, org.springframework.boot.test.autoconfigure.web.servlet.MockMvcPrintOnlyOnFailureTestExecutionListener@49298ce7, org.springframework.boot.test.autoconfigure.web.servlet.WebDriverTestExecutionListener@253c1256, org.springframework.boot.test.autoconfigure.webservices.client.MockWebServiceServerTestExecutionListener@8dfe921, org.springframework.boot.test.mock.mockito.ResetMocksTestExecutionListener@503fbbc6]
20:36:32.928 [Test worker] DEBUG org.springframework.test.context.support.AbstractDirtiesContextTestExecutionListener - Before test class: context [DefaultTestContext@9ec531 testClass = PokeControllerTest, testInstance = [null], testMethod = [null], testException = [null], mergedContextConfiguration = [WebMergedContextConfiguration@40147317 testClass = PokeControllerTest, locations = '{}', classes = '{class com.gdscys.cokepoke.CokePokeApplication}', contextInitializerClasses = '[]', activeProfiles = '{}', propertySourceLocations = '{}', propertySourceProperties = '{org.springframework.boot.test.context.SpringBootTestContextBootstrapper=true}', contextCustomizers = set[org.springframework.boot.test.autoconfigure.actuate.metrics.MetricsExportContextCustomizerFactory$DisableMetricExportContextCustomizer@33e01298, org.springframework.boot.test.autoconfigure.properties.PropertyMappingContextCustomizer@4b3fa0b3, org.springframework.boot.test.autoconfigure.web.servlet.WebDriverContextCustomizerFactory$Customizer@20b5f2ac, [ImportsContextCustomizer@210f0cc1 key = [org.springframework.boot.test.autoconfigure.web.servlet.MockMvcAutoConfiguration, org.springframework.boot.test.autoconfigure.web.servlet.MockMvcWebClientAutoConfiguration, org.springframework.boot.test.autoconfigure.web.servlet.MockMvcWebDriverAutoConfiguration, org.springframework.boot.autoconfigure.security.oauth2.client.servlet.OAuth2ClientAutoConfiguration, org.springframework.boot.autoconfigure.security.oauth2.resource.servlet.OAuth2ResourceServerAutoConfiguration, org.springframework.boot.autoconfigure.security.servlet.SecurityAutoConfiguration, org.springframework.boot.autoconfigure.security.servlet.SecurityFilterAutoConfiguration, org.springframework.boot.autoconfigure.security.servlet.UserDetailsServiceAutoConfiguration, org.springframework.boot.test.autoconfigure.web.servlet.MockMvcSecurityConfiguration, org.springframework.boot.test.autoconfigure.web.reactive.WebTestClientAutoConfiguration]], org.springframework.boot.test.context.filter.ExcludeFilterContextCustomizer@39dcf4b0, org.springframework.boot.test.json.DuplicateJsonObjectContextCustomizerFactory$DuplicateJsonObjectContextCustomizer@1991f767, org.springframework.boot.test.mock.mockito.MockitoContextCustomizer@0, org.springframework.boot.test.web.client.TestRestTemplateContextCustomizer@b40bb6e, org.springframework.boot.test.context.SpringBootTestArgs@1, org.springframework.boot.test.context.SpringBootTestWebEnvironment@6986852], resourceBasePath = 'src/main/webapp', contextLoader = 'org.springframework.boot.test.context.SpringBootContextLoader', parent = [null]], attributes = map['org.springframework.test.context.web.ServletTestExecutionListener.activateListener' -> true]], class annotated with @DirtiesContext [false] with mode [null].

  .   ____          _            __ _ _
 /\\ / ___'_ __ _ _(_)_ __  __ _ \ \ \ \
( ( )\___ | '_ | '_| | '_ \/ _` | \ \ \ \
 \\/  ___)| |_)| | | | | || (_| |  ) ) ) )
  '  |____| .__|_| |_|_| |_\__, | / / / /
 =========|_|==============|___/=/_/_/_/
 :: Spring Boot ::               (v2.7.16)

2023-10-11 20:36:33.119  INFO 31823 --- [    Test worker] c.g.c.controller.PokeControllerTest      : Starting PokeControllerTest using Java 11.0.17 on ganghuijins-MacBook-Air.local with PID 31823 (started by jinny in /Users/jinny/Downloads/coke-poke)
2023-10-11 20:36:33.120  INFO 31823 --- [    Test worker] c.g.c.controller.PokeControllerTest      : No active profile set, falling back to 1 default profile: "default"
2023-10-11 20:36:33.518  INFO 31823 --- [    Test worker] .s.d.r.c.RepositoryConfigurationDelegate : Bootstrapping Spring Data JPA repositories in DEFAULT mode.
2023-10-11 20:36:33.549  INFO 31823 --- [    Test worker] .s.d.r.c.RepositoryConfigurationDelegate : Finished Spring Data repository scanning in 27 ms. Found 4 JPA repository interfaces.
2023-10-11 20:36:33.848  INFO 31823 --- [    Test worker] o.hibernate.jpa.internal.util.LogHelper  : HHH000204: Processing PersistenceUnitInfo [name: default]
2023-10-11 20:36:33.872  INFO 31823 --- [    Test worker] org.hibernate.Version                    : HHH000412: Hibernate ORM core version 5.6.15.Final
2023-10-11 20:36:33.976  INFO 31823 --- [    Test worker] o.hibernate.annotations.common.Version   : HCANN000001: Hibernate Commons Annotations {5.1.2.Final}
2023-10-11 20:36:34.024  INFO 31823 --- [    Test worker] com.zaxxer.hikari.HikariDataSource       : HikariPool-1 - Starting...
2023-10-11 20:36:34.094  INFO 31823 --- [    Test worker] com.zaxxer.hikari.HikariDataSource       : HikariPool-1 - Start completed.
2023-10-11 20:36:34.105  INFO 31823 --- [    Test worker] org.hibernate.dialect.Dialect            : HHH000400: Using dialect: org.hibernate.dialect.H2Dialect
2023-10-11 20:36:34.702  INFO 31823 --- [    Test worker] o.h.e.t.j.p.i.JtaPlatformInitiator       : HHH000490: Using JtaPlatform implementation: [org.hibernate.engine.transaction.jta.platform.internal.NoJtaPlatform]
2023-10-11 20:36:34.707  INFO 31823 --- [    Test worker] j.LocalContainerEntityManagerFactoryBean : Initialized JPA EntityManagerFactory for persistence unit 'default'
2023-10-11 20:36:35.135  INFO 31823 --- [    Test worker] o.s.s.web.DefaultSecurityFilterChain     : Will secure any request with [org.springframework.security.web.session.DisableEncodeUrlFilter@4c941d19, org.springframework.security.web.context.request.async.WebAsyncManagerIntegrationFilter@5248c05a, org.springframework.security.web.context.SecurityContextPersistenceFilter@5f01361e, org.springframework.security.web.header.HeaderWriterFilter@1e2bc241, org.springframework.security.web.authentication.logout.LogoutFilter@33502cfe, com.gdscys.cokepoke.auth.jwt.JwtAuthFilter@151f1734, org.springframework.security.web.savedrequest.RequestCacheAwareFilter@5003c114, org.springframework.security.web.servletapi.SecurityContextHolderAwareRequestFilter@6e4bccc, org.springframework.security.web.authentication.AnonymousAuthenticationFilter@601e7c97, org.springframework.security.web.session.SessionManagementFilter@112b3298, org.springframework.security.web.access.ExceptionTranslationFilter@4629dde5, org.springframework.security.web.access.intercept.FilterSecurityInterceptor@40ef1934]
2023-10-11 20:36:35.140  WARN 31823 --- [    Test worker] o.s.s.c.a.web.builders.WebSecurity       : You are asking Spring Security to ignore org.springframework.boot.autoconfigure.security.servlet.StaticResourceRequest$StaticResourceRequestMatcher@7f7f544a. This is not recommended -- please use permitAll via HttpSecurity#authorizeHttpRequests instead.
2023-10-11 20:36:35.140  INFO 31823 --- [    Test worker] o.s.s.web.DefaultSecurityFilterChain     : Will not secure org.springframework.boot.autoconfigure.security.servlet.StaticResourceRequest$StaticResourceRequestMatcher@7f7f544a
2023-10-11 20:36:35.288  WARN 31823 --- [    Test worker] JpaBaseConfiguration$JpaWebConfiguration : spring.jpa.open-in-view is enabled by default. Therefore, database queries may be performed during view rendering. Explicitly configure spring.jpa.open-in-view to disable this warning
2023-10-11 20:36:35.496  INFO 31823 --- [    Test worker] o.s.b.a.h2.H2ConsoleAutoConfiguration    : H2 console available at '/h2-console'. Database available at 'jdbc:h2:tcp://localhost/~/testdb'
2023-10-11 20:36:36.402  INFO 31823 --- [    Test worker] o.s.b.t.m.w.SpringBootMockServletContext : Initializing Spring TestDispatcherServlet ''
2023-10-11 20:36:36.402  INFO 31823 --- [    Test worker] o.s.t.web.servlet.TestDispatcherServlet  : Initializing Servlet ''
2023-10-11 20:36:36.403  INFO 31823 --- [    Test worker] o.s.t.web.servlet.TestDispatcherServlet  : Completed initialization in 1 ms
2023-10-11 20:36:36.416  INFO 31823 --- [    Test worker] c.g.c.controller.PokeControllerTest      : Started PokeControllerTest in 3.471 seconds (JVM running for 4.076)
2023-10-11 20:36:36.438  INFO 31823 --- [    Test worker] o.s.t.c.transaction.TransactionContext   : Began transaction (1) for test context [DefaultTestContext@9ec531 testClass = PokeControllerTest, testInstance = com.gdscys.cokepoke.controller.PokeControllerTest@268ee31d, testMethod = try_poke_stranger@PokeControllerTest, testException = [null], mergedContextConfiguration = [WebMergedContextConfiguration@40147317 testClass = PokeControllerTest, locations = '{}', classes = '{class com.gdscys.cokepoke.CokePokeApplication}', contextInitializerClasses = '[]', activeProfiles = '{}', propertySourceLocations = '{}', propertySourceProperties = '{org.springframework.boot.test.context.SpringBootTestContextBootstrapper=true}', contextCustomizers = set[org.springframework.boot.test.autoconfigure.actuate.metrics.MetricsExportContextCustomizerFactory$DisableMetricExportContextCustomizer@33e01298, org.springframework.boot.test.autoconfigure.properties.PropertyMappingContextCustomizer@4b3fa0b3, org.springframework.boot.test.autoconfigure.web.servlet.WebDriverContextCustomizerFactory$Customizer@20b5f2ac, [ImportsContextCustomizer@210f0cc1 key = [org.springframework.boot.test.autoconfigure.web.servlet.MockMvcAutoConfiguration, org.springframework.boot.test.autoconfigure.web.servlet.MockMvcWebClientAutoConfiguration, org.springframework.boot.test.autoconfigure.web.servlet.MockMvcWebDriverAutoConfiguration, org.springframework.boot.autoconfigure.security.oauth2.client.servlet.OAuth2ClientAutoConfiguration, org.springframework.boot.autoconfigure.security.oauth2.resource.servlet.OAuth2ResourceServerAutoConfiguration, org.springframework.boot.autoconfigure.security.servlet.SecurityAutoConfiguration, org.springframework.boot.autoconfigure.security.servlet.SecurityFilterAutoConfiguration, org.springframework.boot.autoconfigure.security.servlet.UserDetailsServiceAutoConfiguration, org.springframework.boot.test.autoconfigure.web.servlet.MockMvcSecurityConfiguration, org.springframework.boot.test.autoconfigure.web.reactive.WebTestClientAutoConfiguration]], org.springframework.boot.test.context.filter.ExcludeFilterContextCustomizer@39dcf4b0, org.springframework.boot.test.json.DuplicateJsonObjectContextCustomizerFactory$DuplicateJsonObjectContextCustomizer@1991f767, org.springframework.boot.test.mock.mockito.MockitoContextCustomizer@0, org.springframework.boot.test.web.client.TestRestTemplateContextCustomizer@b40bb6e, org.springframework.boot.test.context.SpringBootTestArgs@1, org.springframework.boot.test.context.SpringBootTestWebEnvironment@6986852], resourceBasePath = 'src/main/webapp', contextLoader = 'org.springframework.boot.test.context.SpringBootContextLoader', parent = [null]], attributes = map['org.springframework.test.context.web.ServletTestExecutionListener.activateListener' -> true, 'org.springframework.test.context.web.ServletTestExecutionListener.populatedRequestContextHolder' -> true, 'org.springframework.test.context.web.ServletTestExecutionListener.resetRequestContextHolder' -> true, 'org.springframework.test.context.event.ApplicationEventsTestExecutionListener.recordApplicationEvents' -> false]]; transaction manager [org.springframework.orm.jpa.JpaTransactionManager@396a4dea]; rollback [true]

MockHttpServletRequest:
      HTTP Method = POST
      Request URI = /poke/
       Parameters = {}
          Headers = [Content-Type:"application/json;charset=UTF-8", Content-Length:"28"]
             Body = {"receiverUsername":"test2"}
    Session Attrs = {SPRING_SECURITY_CONTEXT=SecurityContextImpl [Authentication=UsernamePasswordAuthenticationToken [Principal=org.springframework.security.core.userdetails.User [Username=test1, Password=[PROTECTED], Enabled=true, AccountNonExpired=true, credentialsNonExpired=true, AccountNonLocked=true, Granted Authorities=[ROLE_USER]], Credentials=[PROTECTED], Authenticated=true, Details=null, Granted Authorities=[ROLE_USER]]]}

Handler:
             Type = com.gdscys.cokepoke.poke.controller.PokeController
           Method = com.gdscys.cokepoke.poke.controller.PokeController#poke(PokeRequest)

Async:
    Async started = false
     Async result = null

Resolved Exception:
             Type = java.util.NoSuchElementException

ModelAndView:
        View name = null
             View = null
            Model = null

FlashMap:
       Attributes = null

MockHttpServletResponse:
           Status = 404
    Error message = null
          Headers = [Content-Type:"application/json", X-Content-Type-Options:"nosniff", X-XSS-Protection:"1; mode=block", Cache-Control:"no-cache, no-store, max-age=0, must-revalidate", Pragma:"no-cache", Expires:"0", X-Frame-Options:"SAMEORIGIN"]
     Content type = application/json
             Body = {"exception":{"cause":null,"stackTrace":[{"classLoaderName":"app","moduleName":null,"moduleVersion":null,"methodName":"getFriendshipByMembers","fileName":"FriendshipService.java","lineNumber":65,"className":"com.gdscys.cokepoke.friendship.service.FriendshipService","nativeMethod":false},{"classLoaderName":"app","moduleName":null,"moduleVersion":null,"methodName":"invoke","fileName":"<generated>","lineNumber":-1,"className":"com.gdscys.cokepoke.friendship.service.FriendshipService$$FastClassBySpringCGLIB$$d8da9ae3","nativeMethod":false},{"classLoaderName":"app","moduleName":null,"moduleVersion":null,"methodName":"invoke","fileName":"MethodProxy.java","lineNumber":218,"className":"org.springframework.cglib.proxy.MethodProxy","nativeMethod":false},{"classLoaderName":"app","moduleName":null,"moduleVersion":null,"methodName":"invokeMethod","fileName":"CglibAopProxy.java","lineNumber":386,"className":"org.springframework.aop.framework.CglibAopProxy","nativeMethod":false},{"classLoaderName":"app","moduleName":null,"moduleVersion":null,"methodName":"access$000","fileName":"CglibAopProxy.java","lineNumber":85,"className":"org.springframework.aop.framework.CglibAopProxy","nativeMethod":false},{"classLoaderName":"app","moduleName":null,"moduleVersion":null,"methodName":"intercept","fileName":"CglibAopProxy.java","lineNumber":703,"className":"org.springframework.aop.framework.CglibAopProxy$DynamicAdvisedInterceptor","nativeMethod":false},{"classLoaderName":"app","moduleName":null,"moduleVersion":null,"methodName":"getFriendshipByMembers","fileName":"<generated>","lineNumber":-1,"className":"com.gdscys.cokepoke.friendship.service.FriendshipService$$EnhancerBySpringCGLIB$$b3c423d5","nativeMethod":false},{"classLoaderName":"app","moduleName":null,"moduleVersion":null,"methodName":"poke","fileName":"PokeService.java","lineNumber":44,"className":"com.gdscys.cokepoke.poke.service.PokeService","nativeMethod":false},{"classLoaderName":"app","moduleName":null,"moduleVersion":null,"methodName":"poke","fileName":"PokeController.java","lineNumber":28,"className":"com.gdscys.cokepoke.poke.controller.PokeController","nativeMethod":false},{"classLoaderName":null,"moduleName":"java.base","moduleVersion":"11.0.17","methodName":"invoke0","fileName":"NativeMethodAccessorImpl.java","lineNumber":-2,"className":"jdk.internal.reflect.NativeMethodAccessorImpl","nativeMethod":true},{"classLoaderName":null,"moduleName":"java.base","moduleVersion":"11.0.17","methodName":"invoke","fileName":"NativeMethodAccessorImpl.java","lineNumber":62,"className":"jdk.internal.reflect.NativeMethodAccessorImpl","nativeMethod":false},{"classLoaderName":null,"moduleName":"java.base","moduleVersion":"11.0.17","methodName":"invoke","fileName":"DelegatingMethodAccessorImpl.java","lineNumber":43,"className":"jdk.internal.reflect.DelegatingMethodAccessorImpl","nativeMethod":false},{"classLoaderName":null,"moduleName":"java.base","moduleVersion":"11.0.17","methodName":"invoke","fileName":"Method.java","lineNumber":566,"className":"java.lang.reflect.Method","nativeMethod":false},{"classLoaderName":"app","moduleName":null,"moduleVersion":null,"methodName":"doInvoke","fileName":"InvocableHandlerMethod.java","lineNumber":205,"className":"org.springframework.web.method.support.InvocableHandlerMethod","nativeMethod":false},{"classLoaderName":"app","moduleName":null,"moduleVersion":null,"methodName":"invokeForRequest","fileName":"InvocableHandlerMethod.java","lineNumber":150,"className":"org.springframework.web.method.support.InvocableHandlerMethod","nativeMethod":false},{"classLoaderName":"app","moduleName":null,"moduleVersion":null,"methodName":"invokeAndHandle","fileName":"ServletInvocableHandlerMethod.java","lineNumber":117,"className":"org.springframework.web.servlet.mvc.method.annotation.ServletInvocableHandlerMethod","nativeMethod":false},{"classLoaderName":"app","moduleName":null,"moduleVersion":null,"methodName":"invokeHandlerMethod","fileName":"RequestMappingHandlerAdapter.java","lineNumber":895,"className":"org.springframework.web.servlet.mvc.method.annotation.RequestMappingHandlerAdapter","nativeMethod":false},{"classLoaderName":"app","moduleName":null,"moduleVersion":null,"methodName":"handleInternal","fileName":"RequestMappingHandlerAdapter.java","lineNumber":808,"className":"org.springframework.web.servlet.mvc.method.annotation.RequestMappingHandlerAdapter","nativeMethod":false},{"classLoaderName":"app","moduleName":null,"moduleVersion":null,"methodName":"handle","fileName":"AbstractHandlerMethodAdapter.java","lineNumber":87,"className":"org.springframework.web.servlet.mvc.method.AbstractHandlerMethodAdapter","nativeMethod":false},{"classLoaderName":"app","moduleName":null,"moduleVersion":null,"methodName":"doDispatch","fileName":"DispatcherServlet.java","lineNumber":1072,"className":"org.springframework.web.servlet.DispatcherServlet","nativeMethod":false},{"classLoaderName":"app","moduleName":null,"moduleVersion":null,"methodName":"doService","fileName":"DispatcherServlet.java","lineNumber":965,"className":"org.springframework.web.servlet.DispatcherServlet","nativeMethod":false},{"classLoaderName":"app","moduleName":null,"moduleVersion":null,"methodName":"processRequest","fileName":"FrameworkServlet.java","lineNumber":1006,"className":"org.springframework.web.servlet.FrameworkServlet","nativeMethod":false},{"classLoaderName":"app","moduleName":null,"moduleVersion":null,"methodName":"doPost","fileName":"FrameworkServlet.java","lineNumber":909,"className":"org.springframework.web.servlet.FrameworkServlet","nativeMethod":false},{"classLoaderName":"app","moduleName":null,"moduleVersion":null,"methodName":"service","fileName":"HttpServlet.java","lineNumber":555,"className":"javax.servlet.http.HttpServlet","nativeMethod":false},{"classLoaderName":"app","moduleName":null,"moduleVersion":null,"methodName":"service","fileName":"FrameworkServlet.java","lineNumber":883,"className":"org.springframework.web.servlet.FrameworkServlet","nativeMethod":false},{"classLoaderName":"app","moduleName":null,"moduleVersion":null,"methodName":"service","fileName":"TestDispatcherServlet.java","lineNumber":72,"className":"org.springframework.test.web.servlet.TestDispatcherServlet","nativeMethod":false},{"classLoaderName":"app","moduleName":null,"moduleVersion":null,"methodName":"service","fileName":"HttpServlet.java","lineNumber":623,"className":"javax.servlet.http.HttpServlet","nativeMethod":false},{"classLoaderName":"app","moduleName":null,"moduleVersion":null,"methodName":"doFilter","fileName":"MockFilterChain.java","lineNumber":167,"className":"org.springframework.mock.web.MockFilterChain$ServletFilterProxy","nativeMethod":false},{"classLoaderName":"app","moduleName":null,"moduleVersion":null,"methodName":"doFilter","fileName":"MockFilterChain.java","lineNumber":134,"className":"org.springframework.mock.web.MockFilterChain","nativeMethod":false},{"classLoaderName":"app","moduleName":null,"moduleVersion":null,"methodName":"doFilter","fileName":"ErrorPageSecurityFilter.java","lineNumber":80,"className":"org.springframework.boot.web.servlet.filter.ErrorPageSecurityFilter","nativeMethod":false},{"classLoaderName":"app","moduleName":null,"moduleVersion":null,"methodName":"doFilter","fileName":"ErrorPageSecurityFilter.java","lineNumber":70,"className":"org.springframework.boot.web.servlet.filter.ErrorPageSecurityFilter","nativeMethod":false},{"classLoaderName":"app","moduleName":null,"moduleVersion":null,"methodName":"doFilter","fileName":"MockFilterChain.java","lineNumber":134,"className":"org.springframework.mock.web.MockFilterChain","nativeMethod":false},{"classLoaderName":"app","moduleName":null,"moduleVersion":null,"methodName":"doFilter","fileName":"FilterChainProxy.java","lineNumber":337,"className":"org.springframework.security.web.FilterChainProxy$VirtualFilterChain","nativeMethod":false},{"classLoaderName":"app","moduleName":null,"moduleVersion":null,"methodName":"invoke","fileName":"FilterSecurityInterceptor.java","lineNumber":115,"className":"org.springframework.security.web.access.intercept.FilterSecurityInterceptor","nativeMethod":false},{"classLoaderName":"app","moduleName":null,"moduleVersion":null,"methodName":"doFilter","fileName":"FilterSecurityInterceptor.java","lineNumber":81,"className":"org.springframework.security.web.access.intercept.FilterSecurityInterceptor","nativeMethod":false},{"classLoaderName":"app","moduleName":null,"moduleVersion":null,"methodName":"doFilter","fileName":"FilterChainProxy.java","lineNumber":346,"className":"org.springframework.security.web.FilterChainProxy$VirtualFilterChain","nativeMethod":false},{"classLoaderName":"app","moduleName":null,"moduleVersion":null,"methodName":"doFilter","fileName":"ExceptionTranslationFilter.java","lineNumber":122,"className":"org.springframework.security.web.access.ExceptionTranslationFilter","nativeMethod":false},{"classLoaderName":"app","moduleName":null,"moduleVersion":null,"methodName":"doFilter","fileName":"ExceptionTranslationFilter.java","lineNumber":116,"className":"org.springframework.security.web.access.ExceptionTranslationFilter","nativeMethod":false},{"classLoaderName":"app","moduleName":null,"moduleVersion":null,"methodName":"doFilter","fileName":"FilterChainProxy.java","lineNumber":346,"className":"org.springframework.security.web.FilterChainProxy$VirtualFilterChain","nativeMethod":false},{"classLoaderName":"app","moduleName":null,"moduleVersion":null,"methodName":"doFilter","fileName":"SessionManagementFilter.java","lineNumber":126,"className":"org.springframework.security.web.session.SessionManagementFilter","nativeMethod":false},{"classLoaderName":"app","moduleName":null,"moduleVersion":null,"methodName":"doFilter","fileName":"SessionManagementFilter.java","lineNumber":81,"className":"org.springframework.security.web.session.SessionManagementFilter","nativeMethod":false},{"classLoaderName":"app","moduleName":null,"moduleVersion":null,"methodName":"doFilter","fileName":"FilterChainProxy.java","lineNumber":346,"className":"org.springframework.security.web.FilterChainProxy$VirtualFilterChain","nativeMethod":false},{"classLoaderName":"app","moduleName":null,"moduleVersion":null,"methodName":"doFilter","fileName":"AnonymousAuthenticationFilter.java","lineNumber":109,"className":"org.springframework.security.web.authentication.AnonymousAuthenticationFilter","nativeMethod":false},{"classLoaderName":"app","moduleName":null,"moduleVersion":null,"methodName":"doFilter","fileName":"FilterChainProxy.java","lineNumber":346,"className":"org.springframework.security.web.FilterChainProxy$VirtualFilterChain","nativeMethod":false},{"classLoaderName":"app","moduleName":null,"moduleVersion":null,"methodName":"doFilter","fileName":"SecurityContextHolderAwareRequestFilter.java","lineNumber":149,"className":"org.springframework.security.web.servletapi.SecurityContextHolderAwareRequestFilter","nativeMethod":false},{"classLoaderName":"app","moduleName":null,"moduleVersion":null,"methodName":"doFilter","fileName":"FilterChainProxy.java","lineNumber":346,"className":"org.springframework.security.web.FilterChainProxy$VirtualFilterChain","nativeMethod":false},{"classLoaderName":"app","moduleName":null,"moduleVersion":null,"methodName":"doFilter","fileName":"RequestCacheAwareFilter.java","lineNumber":63,"className":"org.springframework.security.web.savedrequest.RequestCacheAwareFilter","nativeMethod":false},{"classLoaderName":"app","moduleName":null,"moduleVersion":null,"methodName":"doFilter","fileName":"FilterChainProxy.java","lineNumber":346,"className":"org.springframework.security.web.FilterChainProxy$VirtualFilterChain","nativeMethod":false},{"classLoaderName":"app","moduleName":null,"moduleVersion":null,"methodName":"doFilterInternal","fileName":"JwtAuthFilter.java","lineNumber":74,"className":"com.gdscys.cokepoke.auth.jwt.JwtAuthFilter","nativeMethod":false},{"classLoaderName":"app","moduleName":null,"moduleVersion":null,"methodName":"doFilter","fileName":"OncePerRequestFilter.java","lineNumber":117,"className":"org.springframework.web.filter.OncePerRequestFilter","nativeMethod":false},{"classLoaderName":"app","moduleName":null,"moduleVersion":null,"methodName":"doFilter","fileName":"FilterChainProxy.java","lineNumber":346,"className":"org.springframework.security.web.FilterChainProxy$VirtualFilterChain","nativeMethod":false},{"classLoaderName":"app","moduleName":null,"moduleVersion":null,"methodName":"doFilter","fileName":"LogoutFilter.java","lineNumber":103,"className":"org.springframework.security.web.authentication.logout.LogoutFilter","nativeMethod":false},{"classLoaderName":"app","moduleName":null,"moduleVersion":null,"methodName":"doFilter","fileName":"LogoutFilter.java","lineNumber":89,"className":"org.springframework.security.web.authentication.logout.LogoutFilter","nativeMethod":false},{"classLoaderName":"app","moduleName":null,"moduleVersion":null,"methodName":"doFilter","fileName":"FilterChainProxy.java","lineNumber":346,"className":"org.springframework.security.web.FilterChainProxy$VirtualFilterChain","nativeMethod":false},{"classLoaderName":"app","moduleName":null,"moduleVersion":null,"methodName":"doHeadersAfter","fileName":"HeaderWriterFilter.java","lineNumber":90,"className":"org.springframework.security.web.header.HeaderWriterFilter","nativeMethod":false},{"classLoaderName":"app","moduleName":null,"moduleVersion":null,"methodName":"doFilterInternal","fileName":"HeaderWriterFilter.java","lineNumber":75,"className":"org.springframework.security.web.header.HeaderWriterFilter","nativeMethod":false},{"classLoaderName":"app","moduleName":null,"moduleVersion":null,"methodName":"doFilter","fileName":"OncePerRequestFilter.java","lineNumber":117,"className":"org.springframework.web.filter.OncePerRequestFilter","nativeMethod":false},{"classLoaderName":"app","moduleName":null,"moduleVersion":null,"methodName":"doFilter","fileName":"FilterChainProxy.java","lineNumber":346,"className":"org.springframework.security.web.FilterChainProxy$VirtualFilterChain","nativeMethod":false},{"classLoaderName":"app","moduleName":null,"moduleVersion":null,"methodName":"doFilter","fileName":"SecurityContextPersistenceFilter.java","lineNumber":112,"className":"org.springframework.security.web.context.SecurityContextPersistenceFilter","nativeMethod":false},{"classLoaderName":"app","moduleName":null,"moduleVersion":null,"methodName":"doFilter","fileName":"SecurityContextPersistenceFilter.java","lineNumber":82,"className":"org.springframework.security.web.context.SecurityContextPersistenceFilter","nativeMethod":false},{"classLoaderName":"app","moduleName":null,"moduleVersion":null,"methodName":"doFilter","fileName":"FilterChainProxy.java","lineNumber":346,"className":"org.springframework.security.web.FilterChainProxy$VirtualFilterChain","nativeMethod":false},{"classLoaderName":"app","moduleName":null,"moduleVersion":null,"methodName":"doFilterInternal","fileName":"WebAsyncManagerIntegrationFilter.java","lineNumber":55,"className":"org.springframework.security.web.context.request.async.WebAsyncManagerIntegrationFilter","nativeMethod":false},{"classLoaderName":"app","moduleName":null,"moduleVersion":null,"methodName":"doFilter","fileName":"OncePerRequestFilter.java","lineNumber":117,"className":"org.springframework.web.filter.OncePerRequestFilter","nativeMethod":false},{"classLoaderName":"app","moduleName":null,"moduleVersion":null,"methodName":"doFilter","fileName":"FilterChainProxy.java","lineNumber":346,"className":"org.springframework.security.web.FilterChainProxy$VirtualFilterChain","nativeMethod":false},{"classLoaderName":"app","moduleName":null,"moduleVersion":null,"methodName":"doFilterInternal","fileName":"DisableEncodeUrlFilter.java","lineNumber":42,"className":"org.springframework.security.web.session.DisableEncodeUrlFilter","nativeMethod":false},{"classLoaderName":"app","moduleName":null,"moduleVersion":null,"methodName":"doFilter","fileName":"OncePerRequestFilter.java","lineNumber":117,"className":"org.springframework.web.filter.OncePerRequestFilter","nativeMethod":false},{"classLoaderName":"app","moduleName":null,"moduleVersion":null,"methodName":"doFilter","fileName":"FilterChainProxy.java","lineNumber":346,"className":"org.springframework.security.web.FilterChainProxy$VirtualFilterChain","nativeMethod":false},{"classLoaderName":"app","moduleName":null,"moduleVersion":null,"methodName":"doFilterInternal","fileName":"FilterChainProxy.java","lineNumber":221,"className":"org.springframework.security.web.FilterChainProxy","nativeMethod":false},{"classLoaderName":"app","moduleName":null,"moduleVersion":null,"methodName":"doFilter","fileName":"FilterChainProxy.java","lineNumber":186,"className":"org.springframework.security.web.FilterChainProxy","nativeMethod":false},{"classLoaderName":"app","moduleName":null,"moduleVersion":null,"methodName":"invokeDelegate","fileName":"DelegatingFilterProxy.java","lineNumber":354,"className":"org.springframework.web.filter.DelegatingFilterProxy","nativeMethod":false},{"classLoaderName":"app","moduleName":null,"moduleVersion":null,"methodName":"doFilter","fileName":"DelegatingFilterProxy.java","lineNumber":267,"className":"org.springframework.web.filter.DelegatingFilterProxy","nativeMethod":false},{"classLoaderName":"app","moduleName":null,"moduleVersion":null,"methodName":"doFilter","fileName":"MockFilterChain.java","lineNumber":134,"className":"org.springframework.mock.web.MockFilterChain","nativeMethod":false},{"classLoaderName":"app","moduleName":null,"moduleVersion":null,"methodName":"doFilterInternal","fileName":"RequestContextFilter.java","lineNumber":100,"className":"org.springframework.web.filter.RequestContextFilter","nativeMethod":false},{"classLoaderName":"app","moduleName":null,"moduleVersion":null,"methodName":"doFilter","fileName":"OncePerRequestFilter.java","lineNumber":117,"className":"org.springframework.web.filter.OncePerRequestFilter","nativeMethod":false},{"classLoaderName":"app","moduleName":null,"moduleVersion":null,"methodName":"doFilter","fileName":"MockFilterChain.java","lineNumber":134,"className":"org.springframework.mock.web.MockFilterChain","nativeMethod":false},{"classLoaderName":"app","moduleName":null,"moduleVersion":null,"methodName":"doFilterInternal","fileName":"FormContentFilter.java","lineNumber":93,"className":"org.springframework.web.filter.FormContentFilter","nativeMethod":false},{"classLoaderName":"app","moduleName":null,"moduleVersion":null,"methodName":"doFilter","fileName":"OncePerRequestFilter.java","lineNumber":117,"className":"org.springframework.web.filter.OncePerRequestFilter","nativeMethod":false},{"classLoaderName":"app","moduleName":null,"moduleVersion":null,"methodName":"doFilter","fileName":"MockFilterChain.java","lineNumber":134,"className":"org.springframework.mock.web.MockFilterChain","nativeMethod":false},{"classLoaderName":"app","moduleName":null,"moduleVersion":null,"methodName":"doFilterInternal","fileName":"CharacterEncodingFilter.java","lineNumber":201,"className":"org.springframework.web.filter.CharacterEncodingFilter","nativeMethod":false},{"classLoaderName":"app","moduleName":null,"moduleVersion":null,"methodName":"doFilter","fileName":"OncePerRequestFilter.java","lineNumber":117,"className":"org.springframework.web.filter.OncePerRequestFilter","nativeMethod":false},{"classLoaderName":"app","moduleName":null,"moduleVersion":null,"methodName":"doFilter","fileName":"MockFilterChain.java","lineNumber":134,"className":"org.springframework.mock.web.MockFilterChain","nativeMethod":false},{"classLoaderName":"app","moduleName":null,"moduleVersion":null,"methodName":"perform","fileName":"MockMvc.java","lineNumber":201,"className":"org.springframework.test.web.servlet.MockMvc","nativeMethod":false},{"classLoaderName":"app","moduleName":null,"moduleVersion":null,"methodName":"try_poke_stranger","fileName":"PokeControllerTest.java","lineNumber":74,"className":"com.gdscys.cokepoke.controller.PokeControllerTest","nativeMethod":false},{"classLoaderName":null,"moduleName":"java.base","moduleVersion":"11.0.17","methodName":"invoke0","fileName":"NativeMethodAccessorImpl.java","lineNumber":-2,"className":"jdk.internal.reflect.NativeMethodAccessorImpl","nativeMethod":true},{"classLoaderName":null,"moduleName":"java.base","moduleVersion":"11.0.17","methodName":"invoke","fileName":"NativeMethodAccessorImpl.java","lineNumber":62,"className":"jdk.internal.reflect.NativeMethodAccessorImpl","nativeMethod":false},{"classLoaderName":null,"moduleName":"java.base","moduleVersion":"11.0.17","methodName":"invoke","fileName":"DelegatingMethodAccessorImpl.java","lineNumber":43,"className":"jdk.internal.reflect.DelegatingMethodAccessorImpl","nativeMethod":false},{"classLoaderName":null,"moduleName":"java.base","moduleVersion":"11.0.17","methodName":"invoke","fileName":"Method.java","lineNumber":566,"className":"java.lang.reflect.Method","nativeMethod":false},{"classLoaderName":"app","moduleName":null,"moduleVersion":null,"methodName":"invokeMethod","fileName":"ReflectionUtils.java","lineNumber":725,"className":"org.junit.platform.commons.util.ReflectionUtils","nativeMethod":false},{"classLoaderName":"app","moduleName":null,"moduleVersion":null,"methodName":"proceed","fileName":"MethodInvocation.java","lineNumber":60,"className":"org.junit.jupiter.engine.execution.MethodInvocation","nativeMethod":false},{"classLoaderName":"app","moduleName":null,"moduleVersion":null,"methodName":"proceed","fileName":"InvocationInterceptorChain.java","lineNumber":131,"className":"org.junit.jupiter.engine.execution.InvocationInterceptorChain$ValidatingInvocation","nativeMethod":false},{"classLoaderName":"app","moduleName":null,"moduleVersion":null,"methodName":"intercept","fileName":"TimeoutExtension.java","lineNumber":149,"className":"org.junit.jupiter.engine.extension.TimeoutExtension","nativeMethod":false},{"classLoaderName":"app","moduleName":null,"moduleVersion":null,"methodName":"interceptTestableMethod","fileName":"TimeoutExtension.java","lineNumber":140,"className":"org.junit.jupiter.engine.extension.TimeoutExtension","nativeMethod":false},{"classLoaderName":"app","moduleName":null,"moduleVersion":null,"methodName":"interceptTestMethod","fileName":"TimeoutExtension.java","lineNumber":84,"className":"org.junit.jupiter.engine.extension.TimeoutExtension","nativeMethod":false},{"classLoaderName":"app","moduleName":null,"moduleVersion":null,"methodName":"lambda$ofVoidMethod$0","fileName":"ExecutableInvoker.java","lineNumber":115,"className":"org.junit.jupiter.engine.execution.ExecutableInvoker$ReflectiveInterceptorCall","nativeMethod":false},{"classLoaderName":"app","moduleName":null,"moduleVersion":null,"methodName":"lambda$invoke$0","fileName":"ExecutableInvoker.java","lineNumber":105,"className":"org.junit.jupiter.engine.execution.ExecutableInvoker","nativeMethod":false},{"classLoaderName":"app","moduleName":null,"moduleVersion":null,"methodName":"proceed","fileName":"InvocationInterceptorChain.java","lineNumber":106,"className":"org.junit.jupiter.engine.execution.InvocationInterceptorChain$InterceptedInvocation","nativeMethod":false},{"classLoaderName":"app","moduleName":null,"moduleVersion":null,"methodName":"proceed","fileName":"InvocationInterceptorChain.java","lineNumber":64,"className":"org.junit.jupiter.engine.execution.InvocationInterceptorChain","nativeMethod":false},{"classLoaderName":"app","moduleName":null,"moduleVersion":null,"methodName":"chainAndInvoke","fileName":"InvocationInterceptorChain.java","lineNumber":45,"className":"org.junit.jupiter.engine.execution.InvocationInterceptorChain","nativeMethod":false},{"classLoaderName":"app","moduleName":null,"moduleVersion":null,"methodName":"invoke","fileName":"InvocationInterceptorChain.java","lineNumber":37,"className":"org.junit.jupiter.engine.execution.InvocationInterceptorChain","nativeMethod":false},{"classLoaderName":"app","moduleName":null,"moduleVersion":null,"methodName":"invoke","fileName":"ExecutableInvoker.java","lineNumber":104,"className":"org.junit.jupiter.engine.execution.ExecutableInvoker","nativeMethod":false},{"classLoaderName":"app","moduleName":null,"moduleVersion":null,"methodName":"invoke","fileName":"ExecutableInvoker.java","lineNumber":98,"className":"org.junit.jupiter.engine.execution.ExecutableInvoker","nativeMethod":false},{"classLoaderName":"app","moduleName":null,"moduleVersion":null,"methodName":"lambda$invokeTestMethod$7","fileName":"TestMethodTestDescriptor.java","lineNumber":214,"className":"org.junit.jupiter.engine.descriptor.TestMethodTestDescriptor","nativeMethod":false},{"classLoaderName":"app","moduleName":null,"moduleVersion":null,"methodName":"execute","fileName":"ThrowableCollector.java","lineNumber":73,"className":"org.junit.platform.engine.support.hierarchical.ThrowableCollector","nativeMethod":false},{"classLoaderName":"app","moduleName":null,"moduleVersion":null,"methodName":"invokeTestMethod","fileName":"TestMethodTestDescriptor.java","lineNumber":210,"className":"org.junit.jupiter.engine.descriptor.TestMethodTestDescriptor","nativeMethod":false},{"classLoaderName":"app","moduleName":null,"moduleVersion":null,"methodName":"execute","fileName":"TestMethodTestDescriptor.java","lineNumber":135,"className":"org.junit.jupiter.engine.descriptor.TestMethodTestDescriptor","nativeMethod":false},{"classLoaderName":"app","moduleName":null,"moduleVersion":null,"methodName":"execute","fileName":"TestMethodTestDescriptor.java","lineNumber":66,"className":"org.junit.jupiter.engine.descriptor.TestMethodTestDescriptor","nativeMethod":false},{"classLoaderName":"app","moduleName":null,"moduleVersion":null,"methodName":"lambda$executeRecursively$6","fileName":"NodeTestTask.java","lineNumber":151,"className":"org.junit.platform.engine.support.hierarchical.NodeTestTask","nativeMethod":false},{"classLoaderName":"app","moduleName":null,"moduleVersion":null,"methodName":"execute","fileName":"ThrowableCollector.java","lineNumber":73,"className":"org.junit.platform.engine.support.hierarchical.ThrowableCollector","nativeMethod":false},{"classLoaderName":"app","moduleName":null,"moduleVersion":null,"methodName":"lambda$executeRecursively$8","fileName":"NodeTestTask.java","lineNumber":141,"className":"org.junit.platform.engine.support.hierarchical.NodeTestTask","nativeMethod":false},{"classLoaderName":"app","moduleName":null,"moduleVersion":null,"methodName":"around","fileName":"Node.java","lineNumber":137,"className":"org.junit.platform.engine.support.hierarchical.Node","nativeMethod":false},{"classLoaderName":"app","moduleName":null,"moduleVersion":null,"methodName":"lambda$executeRecursively$9","fileName":"NodeTestTask.java","lineNumber":139,"className":"org.junit.platform.engine.support.hierarchical.NodeTestTask","nativeMethod":false},{"classLoaderName":"app","moduleName":null,"moduleVersion":null,"methodName":"execute","fileName":"ThrowableCollector.java","lineNumber":73,"className":"org.junit.platform.engine.support.hierarchical.ThrowableCollector","nativeMethod":false},{"classLoaderName":"app","moduleName":null,"moduleVersion":null,"methodName":"executeRecursively","fileName":"NodeTestTask.java","lineNumber":138,"className":"org.junit.platform.engine.support.hierarchical.NodeTestTask","nativeMethod":false},{"classLoaderName":"app","moduleName":null,"moduleVersion":null,"methodName":"execute","fileName":"NodeTestTask.java","lineNumber":95,"className":"org.junit.platform.engine.support.hierarchical.NodeTestTask","nativeMethod":false},{"classLoaderName":null,"moduleName":"java.base","moduleVersion":"11.0.17","methodName":"forEach","fileName":"ArrayList.java","lineNumber":1541,"className":"java.util.ArrayList","nativeMethod":false},{"classLoaderName":"app","moduleName":null,"moduleVersion":null,"methodName":"invokeAll","fileName":"SameThreadHierarchicalTestExecutorService.java","lineNumber":41,"className":"org.junit.platform.engine.support.hierarchical.SameThreadHierarchicalTestExecutorService","nativeMethod":false},{"classLoaderName":"app","moduleName":null,"moduleVersion":null,"methodName":"lambda$executeRecursively$6","fileName":"NodeTestTask.java","lineNumber":155,"className":"org.junit.platform.engine.support.hierarchical.NodeTestTask","nativeMethod":false},{"classLoaderName":"app","moduleName":null,"moduleVersion":null,"methodName":"execute","fileName":"ThrowableCollector.java","lineNumber":73,"className":"org.junit.platform.engine.support.hierarchical.ThrowableCollector","nativeMethod":false},{"classLoaderName":"app","moduleName":null,"moduleVersion":null,"methodName":"lambda$executeRecursively$8","fileName":"NodeTestTask.java","lineNumber":141,"className":"org.junit.platform.engine.support.hierarchical.NodeTestTask","nativeMethod":false},{"classLoaderName":"app","moduleName":null,"moduleVersion":null,"methodName":"around","fileName":"Node.java","lineNumber":137,"className":"org.junit.platform.engine.support.hierarchical.Node","nativeMethod":false},{"classLoaderName":"app","moduleName":null,"moduleVersion":null,"methodName":"lambda$executeRecursively$9","fileName":"NodeTestTask.java","lineNumber":139,"className":"org.junit.platform.engine.support.hierarchical.NodeTestTask","nativeMethod":false},{"classLoaderName":"app","moduleName":null,"moduleVersion":null,"methodName":"execute","fileName":"ThrowableCollector.java","lineNumber":73,"className":"org.junit.platform.engine.support.hierarchical.ThrowableCollector","nativeMethod":false},{"classLoaderName":"app","moduleName":null,"moduleVersion":null,"methodName":"executeRecursively","fileName":"NodeTestTask.java","lineNumber":138,"className":"org.junit.platform.engine.support.hierarchical.NodeTestTask","nativeMethod":false},{"classLoaderName":"app","moduleName":null,"moduleVersion":null,"methodName":"execute","fileName":"NodeTestTask.java","lineNumber":95,"className":"org.junit.platform.engine.support.hierarchical.NodeTestTask","nativeMethod":false},{"classLoaderName":null,"moduleName":"java.base","moduleVersion":"11.0.17","methodName":"forEach","fileName":"ArrayList.java","lineNumber":1541,"className":"java.util.ArrayList","nativeMethod":false},{"classLoaderName":"app","moduleName":null,"moduleVersion":null,"methodName":"invokeAll","fileName":"SameThreadHierarchicalTestExecutorService.java","lineNumber":41,"className":"org.junit.platform.engine.support.hierarchical.SameThreadHierarchicalTestExecutorService","nativeMethod":false},{"classLoaderName":"app","moduleName":null,"moduleVersion":null,"methodName":"lambda$executeRecursively$6","fileName":"NodeTestTask.java","lineNumber":155,"className":"org.junit.platform.engine.support.hierarchical.NodeTestTask","nativeMethod":false},{"classLoaderName":"app","moduleName":null,"moduleVersion":null,"methodName":"execute","fileName":"ThrowableCollector.java","lineNumber":73,"className":"org.junit.platform.engine.support.hierarchical.ThrowableCollector","nativeMethod":false},{"classLoaderName":"app","moduleName":null,"moduleVersion":null,"methodName":"lambda$executeRecursively$8","fileName":"NodeTestTask.java","lineNumber":141,"className":"org.junit.platform.engine.support.hierarchical.NodeTestTask","nativeMethod":false},{"classLoaderName":"app","moduleName":null,"moduleVersion":null,"methodName":"around","fileName":"Node.java","lineNumber":137,"className":"org.junit.platform.engine.support.hierarchical.Node","nativeMethod":false},{"classLoaderName":"app","moduleName":null,"moduleVersion":null,"methodName":"lambda$executeRecursively$9","fileName":"NodeTestTask.java","lineNumber":139,"className":"org.junit.platform.engine.support.hierarchical.NodeTestTask","nativeMethod":false},{"classLoaderName":"app","moduleName":null,"moduleVersion":null,"methodName":"execute","fileName":"ThrowableCollector.java","lineNumber":73,"className":"org.junit.platform.engine.support.hierarchical.ThrowableCollector","nativeMethod":false},{"classLoaderName":"app","moduleName":null,"moduleVersion":null,"methodName":"executeRecursively","fileName":"NodeTestTask.java","lineNumber":138,"className":"org.junit.platform.engine.support.hierarchical.NodeTestTask","nativeMethod":false},{"classLoaderName":"app","moduleName":null,"moduleVersion":null,"methodName":"execute","fileName":"NodeTestTask.java","lineNumber":95,"className":"org.junit.platform.engine.support.hierarchical.NodeTestTask","nativeMethod":false},{"classLoaderName":"app","moduleName":null,"moduleVersion":null,"methodName":"submit","fileName":"SameThreadHierarchicalTestExecutorService.java","lineNumber":35,"className":"org.junit.platform.engine.support.hierarchical.SameThreadHierarchicalTestExecutorService","nativeMethod":false},{"classLoaderName":"app","moduleName":null,"moduleVersion":null,"methodName":"execute","fileName":"HierarchicalTestExecutor.java","lineNumber":57,"className":"org.junit.platform.engine.support.hierarchical.HierarchicalTestExecutor","nativeMethod":false},{"classLoaderName":"app","moduleName":null,"moduleVersion":null,"methodName":"execute","fileName":"HierarchicalTestEngine.java","lineNumber":54,"className":"org.junit.platform.engine.support.hierarchical.HierarchicalTestEngine","nativeMethod":false},{"classLoaderName":"app","moduleName":null,"moduleVersion":null,"methodName":"execute","fileName":"EngineExecutionOrchestrator.java","lineNumber":107,"className":"org.junit.platform.launcher.core.EngineExecutionOrchestrator","nativeMethod":false},{"classLoaderName":"app","moduleName":null,"moduleVersion":null,"methodName":"execute","fileName":"EngineExecutionOrchestrator.java","lineNumber":88,"className":"org.junit.platform.launcher.core.EngineExecutionOrchestrator","nativeMethod":false},{"classLoaderName":"app","moduleName":null,"moduleVersion":null,"methodName":"lambda$execute$0","fileName":"EngineExecutionOrchestrator.java","lineNumber":54,"className":"org.junit.platform.launcher.core.EngineExecutionOrchestrator","nativeMethod":false},{"classLoaderName":"app","moduleName":null,"moduleVersion":null,"methodName":"withInterceptedStreams","fileName":"EngineExecutionOrchestrator.java","lineNumber":67,"className":"org.junit.platform.launcher.core.EngineExecutionOrchestrator","nativeMethod":false},{"classLoaderName":"app","moduleName":null,"moduleVersion":null,"methodName":"execute","fileName":"EngineExecutionOrchestrator.java","lineNumber":52,"className":"org.junit.platform.launcher.core.EngineExecutionOrchestrator","nativeMethod":false},{"classLoaderName":"app","moduleName":null,"moduleVersion":null,"methodName":"execute","fileName":"DefaultLauncher.java","lineNumber":114,"className":"org.junit.platform.launcher.core.DefaultLauncher","nativeMethod":false},{"classLoaderName":"app","moduleName":null,"moduleVersion":null,"methodName":"execute","fileName":"DefaultLauncher.java","lineNumber":86,"className":"org.junit.platform.launcher.core.DefaultLauncher","nativeMethod":false},{"classLoaderName":"app","moduleName":null,"moduleVersion":null,"methodName":"execute","fileName":"DefaultLauncherSession.java","lineNumber":86,"className":"org.junit.platform.launcher.core.DefaultLauncherSession$DelegatingLauncher","nativeMethod":false},{"classLoaderName":null,"moduleName":null,"moduleVersion":null,"methodName":"processAllTestClasses","fileName":"JUnitPlatformTestClassProcessor.java","lineNumber":110,"className":"org.gradle.api.internal.tasks.testing.junitplatform.JUnitPlatformTestClassProcessor$CollectAllTestClassesExecutor","nativeMethod":false},{"classLoaderName":null,"moduleName":null,"moduleVersion":null,"methodName":"access$000","fileName":"JUnitPlatformTestClassProcessor.java","lineNumber":90,"className":"org.gradle.api.internal.tasks.testing.junitplatform.JUnitPlatformTestClassProcessor$CollectAllTestClassesExecutor","nativeMethod":false},{"classLoaderName":null,"moduleName":null,"moduleVersion":null,"methodName":"stop","fileName":"JUnitPlatformTestClassProcessor.java","lineNumber":85,"className":"org.gradle.api.internal.tasks.testing.junitplatform.JUnitPlatformTestClassProcessor","nativeMethod":false},{"classLoaderName":null,"moduleName":null,"moduleVersion":null,"methodName":"stop","fileName":"SuiteTestClassProcessor.java","lineNumber":62,"className":"org.gradle.api.internal.tasks.testing.SuiteTestClassProcessor","nativeMethod":false},{"classLoaderName":null,"moduleName":"java.base","moduleVersion":"11.0.17","methodName":"invoke0","fileName":"NativeMethodAccessorImpl.java","lineNumber":-2,"className":"jdk.internal.reflect.NativeMethodAccessorImpl","nativeMethod":true},{"classLoaderName":null,"moduleName":"java.base","moduleVersion":"11.0.17","methodName":"invoke","fileName":"NativeMethodAccessorImpl.java","lineNumber":62,"className":"jdk.internal.reflect.NativeMethodAccessorImpl","nativeMethod":false},{"classLoaderName":null,"moduleName":"java.base","moduleVersion":"11.0.17","methodName":"invoke","fileName":"DelegatingMethodAccessorImpl.java","lineNumber":43,"className":"jdk.internal.reflect.DelegatingMethodAccessorImpl","nativeMethod":false},{"classLoaderName":null,"moduleName":"java.base","moduleVersion":"11.0.17","methodName":"invoke","fileName":"Method.java","lineNumber":566,"className":"java.lang.reflect.Method","nativeMethod":false},{"classLoaderName":null,"moduleName":null,"moduleVersion":null,"methodName":"dispatch","fileName":"ReflectionDispatch.java","lineNumber":36,"className":"org.gradle.internal.dispatch.ReflectionDispatch","nativeMethod":false},{"classLoaderName":null,"moduleName":null,"moduleVersion":null,"methodName":"dispatch","fileName":"ReflectionDispatch.java","lineNumber":24,"className":"org.gradle.internal.dispatch.ReflectionDispatch","nativeMethod":false},{"classLoaderName":null,"moduleName":null,"moduleVersion":null,"methodName":"dispatch","fileName":"ContextClassLoaderDispatch.java","lineNumber":33,"className":"org.gradle.internal.dispatch.ContextClassLoaderDispatch","nativeMethod":false},{"classLoaderName":null,"moduleName":null,"moduleVersion":null,"methodName":"invoke","fileName":"ProxyDispatchAdapter.java","lineNumber":94,"className":"org.gradle.internal.dispatch.ProxyDispatchAdapter$DispatchingInvocationHandler","nativeMethod":false},{"classLoaderName":null,"moduleName":null,"moduleVersion":null,"methodName":"stop","fileName":null,"lineNumber":-1,"className":"com.sun.proxy.$Proxy2","nativeMethod":false},{"classLoaderName":null,"moduleName":null,"moduleVersion":null,"methodName":"run","fileName":"TestWorker.java","lineNumber":193,"className":"org.gradle.api.internal.tasks.testing.worker.TestWorker$3","nativeMethod":false},{"classLoaderName":null,"moduleName":null,"moduleVersion":null,"methodName":"executeAndMaintainThreadName","fileName":"TestWorker.java","lineNumber":129,"className":"org.gradle.api.internal.tasks.testing.worker.TestWorker","nativeMethod":false},{"classLoaderName":null,"moduleName":null,"moduleVersion":null,"methodName":"execute","fileName":"TestWorker.java","lineNumber":100,"className":"org.gradle.api.internal.tasks.testing.worker.TestWorker","nativeMethod":false},{"classLoaderName":null,"moduleName":null,"moduleVersion":null,"methodName":"execute","fileName":"TestWorker.java","lineNumber":60,"className":"org.gradle.api.internal.tasks.testing.worker.TestWorker","nativeMethod":false},{"classLoaderName":null,"moduleName":null,"moduleVersion":null,"methodName":"execute","fileName":"ActionExecutionWorker.java","lineNumber":56,"className":"org.gradle.process.internal.worker.child.ActionExecutionWorker","nativeMethod":false},{"classLoaderName":null,"moduleName":null,"moduleVersion":null,"methodName":"call","fileName":"SystemApplicationClassLoaderWorker.java","lineNumber":113,"className":"org.gradle.process.internal.worker.child.SystemApplicationClassLoaderWorker","nativeMethod":false},{"classLoaderName":null,"moduleName":null,"moduleVersion":null,"methodName":"call","fileName":"SystemApplicationClassLoaderWorker.java","lineNumber":65,"className":"org.gradle.process.internal.worker.child.SystemApplicationClassLoaderWorker","nativeMethod":false},{"classLoaderName":"app","moduleName":null,"moduleVersion":null,"methodName":"run","fileName":"GradleWorkerMain.java","lineNumber":69,"className":"worker.org.gradle.process.internal.worker.GradleWorkerMain","nativeMethod":false},{"classLoaderName":"app","moduleName":null,"moduleVersion":null,"methodName":"main","fileName":"GradleWorkerMain.java","lineNumber":74,"className":"worker.org.gradle.process.internal.worker.GradleWorkerMain","nativeMethod":false}],"message":"No friendship found between test2 and test2","suppressed":[],"localizedMessage":"No friendship found between test2 and test2"},"message":"No friendship found between test2 and test2","status":"NOT_FOUND","errors":null}
    Forwarded URL = null
   Redirected URL = null
          Cookies = []
2023-10-11 20:36:38.796  INFO 31823 --- [    Test worker] o.s.t.c.transaction.TransactionContext   : Rolled back transaction for test: [DefaultTestContext@9ec531 testClass = PokeControllerTest, testInstance = com.gdscys.cokepoke.controller.PokeControllerTest@268ee31d, testMethod = try_poke_stranger@PokeControllerTest, testException = [null], mergedContextConfiguration = [WebMergedContextConfiguration@40147317 testClass = PokeControllerTest, locations = '{}', classes = '{class com.gdscys.cokepoke.CokePokeApplication}', contextInitializerClasses = '[]', activeProfiles = '{}', propertySourceLocations = '{}', propertySourceProperties = '{org.springframework.boot.test.context.SpringBootTestContextBootstrapper=true}', contextCustomizers = set[org.springframework.boot.test.autoconfigure.actuate.metrics.MetricsExportContextCustomizerFactory$DisableMetricExportContextCustomizer@33e01298, org.springframework.boot.test.autoconfigure.properties.PropertyMappingContextCustomizer@4b3fa0b3, org.springframework.boot.test.autoconfigure.web.servlet.WebDriverContextCustomizerFactory$Customizer@20b5f2ac, [ImportsContextCustomizer@210f0cc1 key = [org.springframework.boot.test.autoconfigure.web.servlet.MockMvcAutoConfiguration, org.springframework.boot.test.autoconfigure.web.servlet.MockMvcWebClientAutoConfiguration, org.springframework.boot.test.autoconfigure.web.servlet.MockMvcWebDriverAutoConfiguration, org.springframework.boot.autoconfigure.security.oauth2.client.servlet.OAuth2ClientAutoConfiguration, org.springframework.boot.autoconfigure.security.oauth2.resource.servlet.OAuth2ResourceServerAutoConfiguration, org.springframework.boot.autoconfigure.security.servlet.SecurityAutoConfiguration, org.springframework.boot.autoconfigure.security.servlet.SecurityFilterAutoConfiguration, org.springframework.boot.autoconfigure.security.servlet.UserDetailsServiceAutoConfiguration, org.springframework.boot.test.autoconfigure.web.servlet.MockMvcSecurityConfiguration, org.springframework.boot.test.autoconfigure.web.reactive.WebTestClientAutoConfiguration]], org.springframework.boot.test.context.filter.ExcludeFilterContextCustomizer@39dcf4b0, org.springframework.boot.test.json.DuplicateJsonObjectContextCustomizerFactory$DuplicateJsonObjectContextCustomizer@1991f767, org.springframework.boot.test.mock.mockito.MockitoContextCustomizer@0, org.springframework.boot.test.web.client.TestRestTemplateContextCustomizer@b40bb6e, org.springframework.boot.test.context.SpringBootTestArgs@1, org.springframework.boot.test.context.SpringBootTestWebEnvironment@6986852], resourceBasePath = 'src/main/webapp', contextLoader = 'org.springframework.boot.test.context.SpringBootContextLoader', parent = [null]], attributes = map['org.springframework.test.context.web.ServletTestExecutionListener.activateListener' -> true, 'org.springframework.test.context.web.ServletTestExecutionListener.populatedRequestContextHolder' -> true, 'org.springframework.test.context.web.ServletTestExecutionListener.resetRequestContextHolder' -> true, 'org.springframework.test.context.event.ApplicationEventsTestExecutionListener.recordApplicationEvents' -> false]]
2023-10-11 20:36:38.807  INFO 31823 --- [    Test worker] o.s.t.c.transaction.TransactionContext   : Began transaction (1) for test context [DefaultTestContext@9ec531 testClass = PokeControllerTest, testInstance = com.gdscys.cokepoke.controller.PokeControllerTest@74ed11d7, testMethod = try_poke_twice_in_a_day@PokeControllerTest, testException = [null], mergedContextConfiguration = [WebMergedContextConfiguration@40147317 testClass = PokeControllerTest, locations = '{}', classes = '{class com.gdscys.cokepoke.CokePokeApplication}', contextInitializerClasses = '[]', activeProfiles = '{}', propertySourceLocations = '{}', propertySourceProperties = '{org.springframework.boot.test.context.SpringBootTestContextBootstrapper=true}', contextCustomizers = set[org.springframework.boot.test.autoconfigure.actuate.metrics.MetricsExportContextCustomizerFactory$DisableMetricExportContextCustomizer@33e01298, org.springframework.boot.test.autoconfigure.properties.PropertyMappingContextCustomizer@4b3fa0b3, org.springframework.boot.test.autoconfigure.web.servlet.WebDriverContextCustomizerFactory$Customizer@20b5f2ac, [ImportsContextCustomizer@210f0cc1 key = [org.springframework.boot.test.autoconfigure.web.servlet.MockMvcAutoConfiguration, org.springframework.boot.test.autoconfigure.web.servlet.MockMvcWebClientAutoConfiguration, org.springframework.boot.test.autoconfigure.web.servlet.MockMvcWebDriverAutoConfiguration, org.springframework.boot.autoconfigure.security.oauth2.client.servlet.OAuth2ClientAutoConfiguration, org.springframework.boot.autoconfigure.security.oauth2.resource.servlet.OAuth2ResourceServerAutoConfiguration, org.springframework.boot.autoconfigure.security.servlet.SecurityAutoConfiguration, org.springframework.boot.autoconfigure.security.servlet.SecurityFilterAutoConfiguration, org.springframework.boot.autoconfigure.security.servlet.UserDetailsServiceAutoConfiguration, org.springframework.boot.test.autoconfigure.web.servlet.MockMvcSecurityConfiguration, org.springframework.boot.test.autoconfigure.web.reactive.WebTestClientAutoConfiguration]], org.springframework.boot.test.context.filter.ExcludeFilterContextCustomizer@39dcf4b0, org.springframework.boot.test.json.DuplicateJsonObjectContextCustomizerFactory$DuplicateJsonObjectContextCustomizer@1991f767, org.springframework.boot.test.mock.mockito.MockitoContextCustomizer@0, org.springframework.boot.test.web.client.TestRestTemplateContextCustomizer@b40bb6e, org.springframework.boot.test.context.SpringBootTestArgs@1, org.springframework.boot.test.context.SpringBootTestWebEnvironment@6986852], resourceBasePath = 'src/main/webapp', contextLoader = 'org.springframework.boot.test.context.SpringBootContextLoader', parent = [null]], attributes = map['org.springframework.test.context.web.ServletTestExecutionListener.activateListener' -> true, 'org.springframework.test.context.web.ServletTestExecutionListener.populatedRequestContextHolder' -> true, 'org.springframework.test.context.web.ServletTestExecutionListener.resetRequestContextHolder' -> true, 'org.springframework.test.context.event.ApplicationEventsTestExecutionListener.recordApplicationEvents' -> false]]; transaction manager [org.springframework.orm.jpa.JpaTransactionManager@396a4dea]; rollback [true]

MockHttpServletRequest:
      HTTP Method = POST
      Request URI = /poke/
       Parameters = {}
          Headers = [Content-Type:"application/json;charset=UTF-8", Content-Length:"28"]
             Body = {"receiverUsername":"test3"}
    Session Attrs = {SPRING_SECURITY_CONTEXT=SecurityContextImpl [Authentication=UsernamePasswordAuthenticationToken [Principal=org.springframework.security.core.userdetails.User [Username=test1, Password=[PROTECTED], Enabled=true, AccountNonExpired=true, credentialsNonExpired=true, AccountNonLocked=true, Granted Authorities=[ROLE_USER]], Credentials=[PROTECTED], Authenticated=true, Details=null, Granted Authorities=[ROLE_USER]]]}

Handler:
             Type = com.gdscys.cokepoke.poke.controller.PokeController
           Method = com.gdscys.cokepoke.poke.controller.PokeController#poke(PokeRequest)

Async:
    Async started = false
     Async result = null

Resolved Exception:
             Type = null

ModelAndView:
        View name = null
             View = null
            Model = null

FlashMap:
       Attributes = null

MockHttpServletResponse:
           Status = 201
    Error message = null
          Headers = [Content-Type:"text/plain;charset=UTF-8", Content-Length:"11", X-Content-Type-Options:"nosniff", X-XSS-Protection:"1; mode=block", Cache-Control:"no-cache, no-store, max-age=0, must-revalidate", Pragma:"no-cache", Expires:"0", X-Frame-Options:"SAMEORIGIN"]
     Content type = text/plain;charset=UTF-8
             Body = Poked test3
    Forwarded URL = null
   Redirected URL = null
          Cookies = []

MockHttpServletRequest:
      HTTP Method = POST
      Request URI = /poke/
       Parameters = {}
          Headers = [Content-Type:"application/json;charset=UTF-8", Content-Length:"28"]
             Body = {"receiverUsername":"test3"}
    Session Attrs = {SPRING_SECURITY_CONTEXT=SecurityContextImpl [Authentication=UsernamePasswordAuthenticationToken [Principal=org.springframework.security.core.userdetails.User [Username=test1, Password=[PROTECTED], Enabled=true, AccountNonExpired=true, credentialsNonExpired=true, AccountNonLocked=true, Granted Authorities=[ROLE_USER]], Credentials=[PROTECTED], Authenticated=true, Details=null, Granted Authorities=[ROLE_USER]]]}

Handler:
             Type = com.gdscys.cokepoke.poke.controller.PokeController
           Method = com.gdscys.cokepoke.poke.controller.PokeController#poke(PokeRequest)

Async:
    Async started = false
     Async result = null

Resolved Exception:
             Type = java.lang.NullPointerException

ModelAndView:
        View name = null
             View = null
            Model = null

FlashMap:
       Attributes = null

MockHttpServletResponse:
           Status = 500
    Error message = null
          Headers = [Content-Type:"application/json", X-Content-Type-Options:"nosniff", X-XSS-Protection:"1; mode=block", Cache-Control:"no-cache, no-store, max-age=0, must-revalidate", Pragma:"no-cache", Expires:"0", X-Frame-Options:"SAMEORIGIN"]
     Content type = application/json
             Body = {"exception":{"cause":null,"stackTrace":[{"classLoaderName":"app","moduleName":null,"moduleVersion":null,"methodName":"lambda$checkOncePerDay$1","fileName":"PokeService.java","lineNumber":59,"className":"com.gdscys.cokepoke.poke.service.PokeService","nativeMethod":false},{"classLoaderName":null,"moduleName":"java.base","moduleVersion":"11.0.17","methodName":"accept","fileName":"ReferencePipeline.java","lineNumber":176,"className":"java.util.stream.ReferencePipeline$2$1","nativeMethod":false},{"classLoaderName":null,"moduleName":"java.base","moduleVersion":"11.0.17","methodName":"forEachRemaining","fileName":"Iterator.java","lineNumber":133,"className":"java.util.Iterator","nativeMethod":false},{"classLoaderName":null,"moduleName":"java.base","moduleVersion":"11.0.17","methodName":"forEachRemaining","fileName":"Spliterators.java","lineNumber":1801,"className":"java.util.Spliterators$IteratorSpliterator","nativeMethod":false},{"classLoaderName":null,"moduleName":"java.base","moduleVersion":"11.0.17","methodName":"copyInto","fileName":"AbstractPipeline.java","lineNumber":484,"className":"java.util.stream.AbstractPipeline","nativeMethod":false},{"classLoaderName":null,"moduleName":"java.base","moduleVersion":"11.0.17","methodName":"wrapAndCopyInto","fileName":"AbstractPipeline.java","lineNumber":474,"className":"java.util.stream.AbstractPipeline","nativeMethod":false},{"classLoaderName":null,"moduleName":"java.base","moduleVersion":"11.0.17","methodName":"evaluateSequential","fileName":"ReduceOps.java","lineNumber":913,"className":"java.util.stream.ReduceOps$ReduceOp","nativeMethod":false},{"classLoaderName":null,"moduleName":"java.base","moduleVersion":"11.0.17","methodName":"evaluate","fileName":"AbstractPipeline.java","lineNumber":234,"className":"java.util.stream.AbstractPipeline","nativeMethod":false},{"classLoaderName":null,"moduleName":"java.base","moduleVersion":"11.0.17","methodName":"collect","fileName":"ReferencePipeline.java","lineNumber":578,"className":"java.util.stream.ReferencePipeline","nativeMethod":false},{"classLoaderName":"app","moduleName":null,"moduleVersion":null,"methodName":"checkOncePerDay","fileName":"PokeService.java","lineNumber":62,"className":"com.gdscys.cokepoke.poke.service.PokeService","nativeMethod":false},{"classLoaderName":"app","moduleName":null,"moduleVersion":null,"methodName":"poke","fileName":"PokeService.java","lineNumber":45,"className":"com.gdscys.cokepoke.poke.service.PokeService","nativeMethod":false},{"classLoaderName":"app","moduleName":null,"moduleVersion":null,"methodName":"poke","fileName":"PokeController.java","lineNumber":28,"className":"com.gdscys.cokepoke.poke.controller.PokeController","nativeMethod":false},{"classLoaderName":null,"moduleName":"java.base","moduleVersion":"11.0.17","methodName":"invoke0","fileName":"NativeMethodAccessorImpl.java","lineNumber":-2,"className":"jdk.internal.reflect.NativeMethodAccessorImpl","nativeMethod":true},{"classLoaderName":null,"moduleName":"java.base","moduleVersion":"11.0.17","methodName":"invoke","fileName":"NativeMethodAccessorImpl.java","lineNumber":62,"className":"jdk.internal.reflect.NativeMethodAccessorImpl","nativeMethod":false},{"classLoaderName":null,"moduleName":"java.base","moduleVersion":"11.0.17","methodName":"invoke","fileName":"DelegatingMethodAccessorImpl.java","lineNumber":43,"className":"jdk.internal.reflect.DelegatingMethodAccessorImpl","nativeMethod":false},{"classLoaderName":null,"moduleName":"java.base","moduleVersion":"11.0.17","methodName":"invoke","fileName":"Method.java","lineNumber":566,"className":"java.lang.reflect.Method","nativeMethod":false},{"classLoaderName":"app","moduleName":null,"moduleVersion":null,"methodName":"doInvoke","fileName":"InvocableHandlerMethod.java","lineNumber":205,"className":"org.springframework.web.method.support.InvocableHandlerMethod","nativeMethod":false},{"classLoaderName":"app","moduleName":null,"moduleVersion":null,"methodName":"invokeForRequest","fileName":"InvocableHandlerMethod.java","lineNumber":150,"className":"org.springframework.web.method.support.InvocableHandlerMethod","nativeMethod":false},{"classLoaderName":"app","moduleName":null,"moduleVersion":null,"methodName":"invokeAndHandle","fileName":"ServletInvocableHandlerMethod.java","lineNumber":117,"className":"org.springframework.web.servlet.mvc.method.annotation.ServletInvocableHandlerMethod","nativeMethod":false},{"classLoaderName":"app","moduleName":null,"moduleVersion":null,"methodName":"invokeHandlerMethod","fileName":"RequestMappingHandlerAdapter.java","lineNumber":895,"className":"org.springframework.web.servlet.mvc.method.annotation.RequestMappingHandlerAdapter","nativeMethod":false},{"classLoaderName":"app","moduleName":null,"moduleVersion":null,"methodName":"handleInternal","fileName":"RequestMappingHandlerAdapter.java","lineNumber":808,"className":"org.springframework.web.servlet.mvc.method.annotation.RequestMappingHandlerAdapter","nativeMethod":false},{"classLoaderName":"app","moduleName":null,"moduleVersion":null,"methodName":"handle","fileName":"AbstractHandlerMethodAdapter.java","lineNumber":87,"className":"org.springframework.web.servlet.mvc.method.AbstractHandlerMethodAdapter","nativeMethod":false},{"classLoaderName":"app","moduleName":null,"moduleVersion":null,"methodName":"doDispatch","fileName":"DispatcherServlet.java","lineNumber":1072,"className":"org.springframework.web.servlet.DispatcherServlet","nativeMethod":false},{"classLoaderName":"app","moduleName":null,"moduleVersion":null,"methodName":"doService","fileName":"DispatcherServlet.java","lineNumber":965,"className":"org.springframework.web.servlet.DispatcherServlet","nativeMethod":false},{"classLoaderName":"app","moduleName":null,"moduleVersion":null,"methodName":"processRequest","fileName":"FrameworkServlet.java","lineNumber":1006,"className":"org.springframework.web.servlet.FrameworkServlet","nativeMethod":false},{"classLoaderName":"app","moduleName":null,"moduleVersion":null,"methodName":"doPost","fileName":"FrameworkServlet.java","lineNumber":909,"className":"org.springframework.web.servlet.FrameworkServlet","nativeMethod":false},{"classLoaderName":"app","moduleName":null,"moduleVersion":null,"methodName":"service","fileName":"HttpServlet.java","lineNumber":555,"className":"javax.servlet.http.HttpServlet","nativeMethod":false},{"classLoaderName":"app","moduleName":null,"moduleVersion":null,"methodName":"service","fileName":"FrameworkServlet.java","lineNumber":883,"className":"org.springframework.web.servlet.FrameworkServlet","nativeMethod":false},{"classLoaderName":"app","moduleName":null,"moduleVersion":null,"methodName":"service","fileName":"TestDispatcherServlet.java","lineNumber":72,"className":"org.springframework.test.web.servlet.TestDispatcherServlet","nativeMethod":false},{"classLoaderName":"app","moduleName":null,"moduleVersion":null,"methodName":"service","fileName":"HttpServlet.java","lineNumber":623,"className":"javax.servlet.http.HttpServlet","nativeMethod":false},{"classLoaderName":"app","moduleName":null,"moduleVersion":null,"methodName":"doFilter","fileName":"MockFilterChain.java","lineNumber":167,"className":"org.springframework.mock.web.MockFilterChain$ServletFilterProxy","nativeMethod":false},{"classLoaderName":"app","moduleName":null,"moduleVersion":null,"methodName":"doFilter","fileName":"MockFilterChain.java","lineNumber":134,"className":"org.springframework.mock.web.MockFilterChain","nativeMethod":false},{"classLoaderName":"app","moduleName":null,"moduleVersion":null,"methodName":"doFilter","fileName":"ErrorPageSecurityFilter.java","lineNumber":80,"className":"org.springframework.boot.web.servlet.filter.ErrorPageSecurityFilter","nativeMethod":false},{"classLoaderName":"app","moduleName":null,"moduleVersion":null,"methodName":"doFilter","fileName":"ErrorPageSecurityFilter.java","lineNumber":70,"className":"org.springframework.boot.web.servlet.filter.ErrorPageSecurityFilter","nativeMethod":false},{"classLoaderName":"app","moduleName":null,"moduleVersion":null,"methodName":"doFilter","fileName":"MockFilterChain.java","lineNumber":134,"className":"org.springframework.mock.web.MockFilterChain","nativeMethod":false},{"classLoaderName":"app","moduleName":null,"moduleVersion":null,"methodName":"doFilter","fileName":"FilterChainProxy.java","lineNumber":337,"className":"org.springframework.security.web.FilterChainProxy$VirtualFilterChain","nativeMethod":false},{"classLoaderName":"app","moduleName":null,"moduleVersion":null,"methodName":"invoke","fileName":"FilterSecurityInterceptor.java","lineNumber":115,"className":"org.springframework.security.web.access.intercept.FilterSecurityInterceptor","nativeMethod":false},{"classLoaderName":"app","moduleName":null,"moduleVersion":null,"methodName":"doFilter","fileName":"FilterSecurityInterceptor.java","lineNumber":81,"className":"org.springframework.security.web.access.intercept.FilterSecurityInterceptor","nativeMethod":false},{"classLoaderName":"app","moduleName":null,"moduleVersion":null,"methodName":"doFilter","fileName":"FilterChainProxy.java","lineNumber":346,"className":"org.springframework.security.web.FilterChainProxy$VirtualFilterChain","nativeMethod":false},{"classLoaderName":"app","moduleName":null,"moduleVersion":null,"methodName":"doFilter","fileName":"ExceptionTranslationFilter.java","lineNumber":122,"className":"org.springframework.security.web.access.ExceptionTranslationFilter","nativeMethod":false},{"classLoaderName":"app","moduleName":null,"moduleVersion":null,"methodName":"doFilter","fileName":"ExceptionTranslationFilter.java","lineNumber":116,"className":"org.springframework.security.web.access.ExceptionTranslationFilter","nativeMethod":false},{"classLoaderName":"app","moduleName":null,"moduleVersion":null,"methodName":"doFilter","fileName":"FilterChainProxy.java","lineNumber":346,"className":"org.springframework.security.web.FilterChainProxy$VirtualFilterChain","nativeMethod":false},{"classLoaderName":"app","moduleName":null,"moduleVersion":null,"methodName":"doFilter",
[...]
umber":73,"className":"org.junit.platform.engine.support.hierarchical.ThrowableCollector","nativeMethod":false},{"classLoaderName":"app","moduleName":null,"moduleVersion":null,"methodName":"executeRecursively","fileName":"NodeTestTask.java","lineNumber":138,"className":"org.junit.platform.engine.support.hierarchical.NodeTestTask","nativeMethod":false},{"classLoaderName":"app","moduleName":null,"moduleVersion":null,"methodName":"execute","fileName":"NodeTestTask.java","lineNumber":95,"className":"org.junit.platform.engine.support.hierarchical.NodeTestTask","nativeMethod":false},{"classLoaderName":"app","moduleName":null,"moduleVersion":null,"methodName":"submit","fileName":"SameThreadHierarchicalTestExecutorService.java","lineNumber":35,"className":"org.junit.platform.engine.support.hierarchical.SameThreadHierarchicalTestExecutorService","nativeMethod":false},{"classLoaderName":"app","moduleName":null,"moduleVersion":null,"methodName":"execute","fileName":"HierarchicalTestExecutor.java","lineNumber":57,"className":"org.junit.platform.engine.support.hierarchical.HierarchicalTestExecutor","nativeMethod":false},{"classLoaderName":"app","moduleName":null,"moduleVersion":null,"methodName":"execute","fileName":"HierarchicalTestEngine.java","lineNumber":54,"className":"org.junit.platform.engine.support.hierarchical.HierarchicalTestEngine","nativeMethod":false},{"classLoaderName":"app","moduleName":null,"moduleVersion":null,"methodName":"execute","fileName":"EngineExecutionOrchestrator.java","lineNumber":107,"className":"org.junit.platform.launcher.core.EngineExecutionOrchestrator","nativeMethod":false},{"classLoaderName":"app","moduleName":null,"moduleVersion":null,"methodName":"execute","fileName":"EngineExecutionOrchestrator.java","lineNumber":88,"className":"org.junit.platform.launcher.core.EngineExecutionOrchestrator","nativeMethod":false},{"classLoaderName":"app","moduleName":null,"moduleVersion":null,"methodName":"lambda$execute$0","fileName":"EngineExecutionOrchestrator.java","lineNumber":54,"className":"org.junit.platform.launcher.core.EngineExecutionOrchestrator","nativeMethod":false},{"classLoaderName":"app","moduleName":null,"moduleVersion":null,"methodName":"withInterceptedStreams","fileName":"EngineExecutionOrchestrator.java","lineNumber":67,"className":"org.junit.platform.launcher.core.EngineExecutionOrchestrator","nativeMethod":false},{"classLoaderName":"app","moduleName":null,"moduleVersion":null,"methodName":"execute","fileName":"EngineExecutionOrchestrator.java","lineNumber":52,"className":"org.junit.platform.launcher.core.EngineExecutionOrchestrator","nativeMethod":false},{"classLoaderName":"app","moduleName":null,"moduleVersion":null,"methodName":"execute","fileName":"DefaultLauncher.java","lineNumber":114,"className":"org.junit.platform.launcher.core.DefaultLauncher","nativeMethod":false},{"classLoaderName":"app","moduleName":null,"moduleVersion":null,"methodName":"execute","fileName":"DefaultLauncher.java","lineNumber":86,"className":"org.junit.platform.launcher.core.DefaultLauncher","nativeMethod":false},{"classLoaderName":"app","moduleName":null,"moduleVersion":null,"methodName":"execute","fileName":"DefaultLauncherSession.java","lineNumber":86,"className":"org.junit.platform.launcher.core.DefaultLauncherSession$DelegatingLauncher","nativeMethod":false},{"classLoaderName":null,"moduleName":null,"moduleVersion":null,"methodName":"processAllTestClasses","fileName":"JUnitPlatformTestClassProcessor.java","lineNumber":110,"className":"org.gradle.api.internal.tasks.testing.junitplatform.JUnitPlatformTestClassProcessor$CollectAllTestClassesExecutor","nativeMethod":false},{"classLoaderName":null,"moduleName":null,"moduleVersion":null,"methodName":"access$000","fileName":"JUnitPlatformTestClassProcessor.java","lineNumber":90,"className":"org.gradle.api.internal.tasks.testing.junitplatform.JUnitPlatformTestClassProcessor$CollectAllTestClassesExecutor","nativeMethod":false},{"classLoaderName":null,"moduleName":null,"moduleVersion":null,"methodName":"stop","fileName":"JUnitPlatformTestClassProcessor.java","lineNumber":85,"className":"org.gradle.api.internal.tasks.testing.junitplatform.JUnitPlatformTestClassProcessor","nativeMethod":false},{"classLoaderName":null,"moduleName":null,"moduleVersion":null,"methodName":"stop","fileName":"SuiteTestClassProcessor.java","lineNumber":62,"className":"org.gradle.api.internal.tasks.testing.SuiteTestClassProcessor","nativeMethod":false},{"classLoaderName":null,"moduleName":"java.base","moduleVersion":"11.0.17","methodName":"invoke0","fileName":"NativeMethodAccessorImpl.java","lineNumber":-2,"className":"jdk.internal.reflect.NativeMethodAccessorImpl","nativeMethod":true},{"classLoaderName":null,"moduleName":"java.base","moduleVersion":"11.0.17","methodName":"invoke","fileName":"NativeMethodAccessorImpl.java","lineNumber":62,"className":"jdk.internal.reflect.NativeMethodAccessorImpl","nativeMethod":false},{"classLoaderName":null,"moduleName":"java.base","moduleVersion":"11.0.17","methodName":"invoke","fileName":"DelegatingMethodAccessorImpl.java","lineNumber":43,"className":"jdk.internal.reflect.DelegatingMethodAccessorImpl","nativeMethod":false},{"classLoaderName":null,"moduleName":"java.base","moduleVersion":"11.0.17","methodName":"invoke","fileName":"Method.java","lineNumber":566,"className":"java.lang.reflect.Method","nativeMethod":false},{"classLoaderName":null,"moduleName":null,"moduleVersion":null,"methodName":"dispatch","fileName":"ReflectionDispatch.java","lineNumber":36,"className":"org.gradle.internal.dispatch.ReflectionDispatch","nativeMethod":false},{"classLoaderName":null,"moduleName":null,"moduleVersion":null,"methodName":"dispatch","fileName":"ReflectionDispatch.java","lineNumber":24,"className":"org.gradle.internal.dispatch.ReflectionDispatch","nativeMethod":false},{"classLoaderName":null,"moduleName":null,"moduleVersion":null,"methodName":"dispatch","fileName":"ContextClassLoaderDispatch.java","lineNumber":33,"className":"org.gradle.internal.dispatch.ContextClassLoaderDispatch","nativeMethod":false},{"classLoaderName":null,"moduleName":null,"moduleVersion":null,"methodName":"invoke","fileName":"ProxyDispatchAdapter.java","lineNumber":94,"className":"org.gradle.internal.dispatch.ProxyDispatchAdapter$DispatchingInvocationHandler","nativeMethod":false},{"classLoaderName":null,"moduleName":null,"moduleVersion":null,"methodName":"stop","fileName":null,"lineNumber":-1,"className":"com.sun.proxy.$Proxy2","nativeMethod":false},{"classLoaderName":null,"moduleName":null,"moduleVersion":null,"methodName":"run","fileName":"TestWorker.java","lineNumber":193,"className":"org.gradle.api.internal.tasks.testing.worker.TestWorker$3","nativeMethod":false},{"classLoaderName":null,"moduleName":null,"moduleVersion":null,"methodName":"executeAndMaintainThreadName","fileName":"TestWorker.java","lineNumber":129,"className":"org.gradle.api.internal.tasks.testing.worker.TestWorker","nativeMethod":false},{"classLoaderName":null,"moduleName":null,"moduleVersion":null,"methodName":"execute","fileName":"TestWorker.java","lineNumber":100,"className":"org.gradle.api.internal.tasks.testing.worker.TestWorker","nativeMethod":false},{"classLoaderName":null,"moduleName":null,"moduleVersion":null,"methodName":"execute","fileName":"TestWorker.java","lineNumber":60,"className":"org.gradle.api.internal.tasks.testing.worker.TestWorker","nativeMethod":false},{"classLoaderName":null,"moduleName":null,"moduleVersion":null,"methodName":"execute","fileName":"ActionExecutionWorker.java","lineNumber":56,"className":"org.gradle.process.internal.worker.child.ActionExecutionWorker","nativeMethod":false},{"classLoaderName":null,"moduleName":null,"moduleVersion":null,"methodName":"call","fileName":"SystemApplicationClassLoaderWorker.java","lineNumber":113,"className":"org.gradle.process.internal.worker.child.SystemApplicationClassLoaderWorker","nativeMethod":false},{"classLoaderName":null,"moduleName":null,"moduleVersion":null,"methodName":"call","fileName":"SystemApplicationClassLoaderWorker.java","lineNumber":65,"className":"org.gradle.process.internal.worker.child.SystemApplicationClassLoaderWorker","nativeMethod":false},{"classLoaderName":"app","moduleName":null,"moduleVersion":null,"methodName":"run","fileName":"GradleWorkerMain.java","lineNumber":69,"className":"worker.org.gradle.process.internal.worker.GradleWorkerMain","nativeMethod":false},{"classLoaderName":"app","moduleName":null,"moduleVersion":null,"methodName":"main","fileName":"GradleWorkerMain.java","lineNumber":74,"className":"worker.org.gradle.process.internal.worker.GradleWorkerMain","nativeMethod":false}],"message":null,"suppressed":[],"localizedMessage":null},"message":null,"status":"INTERNAL_SERVER_ERROR","errors":null}
    Forwarded URL = null
   Redirected URL = null
          Cookies = []
2023-10-11 20:36:40.103  INFO 31823 --- [    Test worker] o.s.t.c.transaction.TransactionContext   : Rolled back transaction for test: [DefaultTestContext@9ec531 testClass = PokeControllerTest, testInstance = com.gdscys.cokepoke.controller.PokeControllerTest@74ed11d7, testMethod = try_poke_twice_in_a_day@PokeControllerTest, testException = [null], mergedContextConfiguration = [WebMergedContextConfiguration@40147317 testClass = PokeControllerTest, locations = '{}', classes = '{class com.gdscys.cokepoke.CokePokeApplication}', contextInitializerClasses = '[]', activeProfiles = '{}', propertySourceLocations = '{}', propertySourceProperties = '{org.springframework.boot.test.context.SpringBootTestContextBootstrapper=true}', contextCustomizers = set[org.springframework.boot.test.autoconfigure.actuate.metrics.MetricsExportContextCustomizerFactory$DisableMetricExportContextCustomizer@33e01298, org.springframework.boot.test.autoconfigure.properties.PropertyMappingContextCustomizer@4b3fa0b3, org.springframework.boot.test.autoconfigure.web.servlet.WebDriverContextCustomizerFactory$Customizer@20b5f2ac, [ImportsContextCustomizer@210f0cc1 key = [org.springframework.boot.test.autoconfigure.web.servlet.MockMvcAutoConfiguration, org.springframework.boot.test.autoconfigure.web.servlet.MockMvcWebClientAutoConfiguration, org.springframework.boot.test.autoconfigure.web.servlet.MockMvcWebDriverAutoConfiguration, org.springframework.boot.autoconfigure.security.oauth2.client.servlet.OAuth2ClientAutoConfiguration, org.springframework.boot.autoconfigure.security.oauth2.resource.servlet.OAuth2ResourceServerAutoConfiguration, org.springframework.boot.autoconfigure.security.servlet.SecurityAutoConfiguration, org.springframework.boot.autoconfigure.security.servlet.SecurityFilterAutoConfiguration, org.springframework.boot.autoconfigure.security.servlet.UserDetailsServiceAutoConfiguration, org.springframework.boot.test.autoconfigure.web.servlet.MockMvcSecurityConfiguration, org.springframework.boot.test.autoconfigure.web.reactive.WebTestClientAutoConfiguration]], org.springframework.boot.test.context.filter.ExcludeFilterContextCustomizer@39dcf4b0, org.springframework.boot.test.json.DuplicateJsonObjectContextCustomizerFactory$DuplicateJsonObjectContextCustomizer@1991f767, org.springframework.boot.test.mock.mockito.MockitoContextCustomizer@0, org.springframework.boot.test.web.client.TestRestTemplateContextCustomizer@b40bb6e, org.springframework.boot.test.context.SpringBootTestArgs@1, org.springframework.boot.test.context.SpringBootTestWebEnvironment@6986852], resourceBasePath = 'src/main/webapp', contextLoader = 'org.springframework.boot.test.context.SpringBootContextLoader', parent = [null]], attributes = map['org.springframework.test.context.web.ServletTestExecutionListener.activateListener' -> true, 'org.springframework.test.context.web.ServletTestExecutionListener.populatedRequestContextHolder' -> true, 'org.springframework.test.context.web.ServletTestExecutionListener.resetRequestContextHolder' -> true, 'org.springframework.test.context.event.ApplicationEventsTestExecutionListener.recordApplicationEvents' -> false]]
2023-10-11 20:36:40.106  INFO 31823 --- [    Test worker] o.s.t.c.transaction.TransactionContext   : Began transaction (1) for test context [DefaultTestContext@9ec531 testClass = PokeControllerTest, testInstance = com.gdscys.cokepoke.controller.PokeControllerTest@5ddd3fbd, testMethod = try_poke_friend@PokeControllerTest, testException = [null], mergedContextConfiguration = [WebMergedContextConfiguration@40147317 testClass = PokeControllerTest, locations = '{}', classes = '{class com.gdscys.cokepoke.CokePokeApplication}', contextInitializerClasses = '[]', activeProfiles = '{}', propertySourceLocations = '{}', propertySourceProperties = '{org.springframework.boot.test.context.SpringBootTestContextBootstrapper=true}', contextCustomizers = set[org.springframework.boot.test.autoconfigure.actuate.metrics.MetricsExportContextCustomizerFactory$DisableMetricExportContextCustomizer@33e01298, org.springframework.boot.test.autoconfigure.properties.PropertyMappingContextCustomizer@4b3fa0b3, org.springframework.boot.test.autoconfigure.web.servlet.WebDriverContextCustomizerFactory$Customizer@20b5f2ac, [ImportsContextCustomizer@210f0cc1 key = [org.springframework.boot.test.autoconfigure.web.servlet.MockMvcAutoConfiguration, org.springframework.boot.test.autoconfigure.web.servlet.MockMvcWebClientAutoConfiguration, org.springframework.boot.test.autoconfigure.web.servlet.MockMvcWebDriverAutoConfiguration, org.springframework.boot.autoconfigure.security.oauth2.client.servlet.OAuth2ClientAutoConfiguration, org.springframework.boot.autoconfigure.security.oauth2.resource.servlet.OAuth2ResourceServerAutoConfiguration, org.springframework.boot.autoconfigure.security.servlet.SecurityAutoConfiguration, org.springframework.boot.autoconfigure.security.servlet.SecurityFilterAutoConfiguration, org.springframework.boot.autoconfigure.security.servlet.UserDetailsServiceAutoConfiguration, org.springframework.boot.test.autoconfigure.web.servlet.MockMvcSecurityConfiguration, org.springframework.boot.test.autoconfigure.web.reactive.WebTestClientAutoConfiguration]], org.springframework.boot.test.context.filter.ExcludeFilterContextCustomizer@39dcf4b0, org.springframework.boot.test.json.DuplicateJsonObjectContextCustomizerFactory$DuplicateJsonObjectContextCustomizer@1991f767, org.springframework.boot.test.mock.mockito.MockitoContextCustomizer@0, org.springframework.boot.test.web.client.TestRestTemplateContextCustomizer@b40bb6e, org.springframework.boot.test.context.SpringBootTestArgs@1, org.springframework.boot.test.context.SpringBootTestWebEnvironment@6986852], resourceBasePath = 'src/main/webapp', contextLoader = 'org.springframework.boot.test.context.SpringBootContextLoader', parent = [null]], attributes = map['org.springframework.test.context.web.ServletTestExecutionListener.activateListener' -> true, 'org.springframework.test.context.web.ServletTestExecutionListener.populatedRequestContextHolder' -> true, 'org.springframework.test.context.web.ServletTestExecutionListener.resetRequestContextHolder' -> true, 'org.springframework.test.context.event.ApplicationEventsTestExecutionListener.recordApplicationEvents' -> false]]; transaction manager [org.springframework.orm.jpa.JpaTransactionManager@396a4dea]; rollback [true]

MockHttpServletRequest:
      HTTP Method = POST
      Request URI = /poke/
       Parameters = {}
          Headers = [Content-Type:"application/json;charset=UTF-8", Content-Length:"28"]
             Body = {"receiverUsername":"test3"}
    Session Attrs = {SPRING_SECURITY_CONTEXT=SecurityContextImpl [Authentication=UsernamePasswordAuthenticationToken [Principal=org.springframework.security.core.userdetails.User [Username=test1, Password=[PROTECTED], Enabled=true, AccountNonExpired=true, credentialsNonExpired=true, AccountNonLocked=true, Granted Authorities=[ROLE_USER]], Credentials=[PROTECTED], Authenticated=true, Details=null, Granted Authorities=[ROLE_USER]]]}

Handler:
             Type = com.gdscys.cokepoke.poke.controller.PokeController
           Method = com.gdscys.cokepoke.poke.controller.PokeController#poke(PokeRequest)

Async:
    Async started = false
     Async result = null

Resolved Exception:
             Type = null

ModelAndView:
        View name = null
             View = null
            Model = null

FlashMap:
       Attributes = null

MockHttpServletResponse:
           Status = 201
    Error message = null
          Headers = [Content-Type:"text/plain;charset=UTF-8", Content-Length:"11", X-Content-Type-Options:"nosniff", X-XSS-Protection:"1; mode=block", Cache-Control:"no-cache, no-store, max-age=0, must-revalidate", Pragma:"no-cache", Expires:"0", X-Frame-Options:"SAMEORIGIN"]
     Content type = text/plain;charset=UTF-8
             Body = Poked test3
    Forwarded URL = null
   Redirected URL = null
          Cookies = []
2023-10-11 20:36:41.417  INFO 31823 --- [    Test worker] o.s.t.c.transaction.TransactionContext   : Rolled back transaction for test: [DefaultTestContext@9ec531 testClass = PokeControllerTest, testInstance = com.gdscys.cokepoke.controller.PokeControllerTest@5ddd3fbd, testMethod = try_poke_friend@PokeControllerTest, testException = [null], mergedContextConfiguration = [WebMergedContextConfiguration@40147317 testClass = PokeControllerTest, locations = '{}', classes = '{class com.gdscys.cokepoke.CokePokeApplication}', contextInitializerClasses = '[]', activeProfiles = '{}', propertySourceLocations = '{}', propertySourceProperties = '{org.springframework.boot.test.context.SpringBootTestContextBootstrapper=true}', contextCustomizers = set[org.springframework.boot.test.autoconfigure.actuate.metrics.MetricsExportContextCustomizerFactory$DisableMetricExportContextCustomizer@33e01298, org.springframework.boot.test.autoconfigure.properties.PropertyMappingContextCustomizer@4b3fa0b3, org.springframework.boot.test.autoconfigure.web.servlet.WebDriverContextCustomizerFactory$Customizer@20b5f2ac, [ImportsContextCustomizer@210f0cc1 key = [org.springframework.boot.test.autoconfigure.web.servlet.MockMvcAutoConfiguration, org.springframework.boot.test.autoconfigure.web.servlet.MockMvcWebClientAutoConfiguration, org.springframework.boot.test.autoconfigure.web.servlet.MockMvcWebDriverAutoConfiguration, org.springframework.boot.autoconfigure.security.oauth2.client.servlet.OAuth2ClientAutoConfiguration, org.springframework.boot.autoconfigure.security.oauth2.resource.servlet.OAuth2ResourceServerAutoConfiguration, org.springframework.boot.autoconfigure.security.servlet.SecurityAutoConfiguration, org.springframework.boot.autoconfigure.security.servlet.SecurityFilterAutoConfiguration, org.springframework.boot.autoconfigure.security.servlet.UserDetailsServiceAutoConfiguration, org.springframework.boot.test.autoconfigure.web.servlet.MockMvcSecurityConfiguration, org.springframework.boot.test.autoconfigure.web.reactive.WebTestClientAutoConfiguration]], org.springframework.boot.test.context.filter.ExcludeFilterContextCustomizer@39dcf4b0, org.springframework.boot.test.json.DuplicateJsonObjectContextCustomizerFactory$DuplicateJsonObjectContextCustomizer@1991f767, org.springframework.boot.test.mock.mockito.MockitoContextCustomizer@0, org.springframework.boot.test.web.client.TestRestTemplateContextCustomizer@b40bb6e, org.springframework.boot.test.context.SpringBootTestArgs@1, org.springframework.boot.test.context.SpringBootTestWebEnvironment@6986852], resourceBasePath = 'src/main/webapp', contextLoader = 'org.springframework.boot.test.context.SpringBootContextLoader', parent = [null]], attributes = map['org.springframework.test.context.web.ServletTestExecutionListener.activateListener' -> true, 'org.springframework.test.context.web.ServletTestExecutionListener.populatedRequestContextHolder' -> true, 'org.springframework.test.context.web.ServletTestExecutionListener.resetRequestContextHolder' -> true, 'org.springframework.test.context.event.ApplicationEventsTestExecutionListener.recordApplicationEvents' -> false]]
]]></system-out>
  <system-err><![CDATA[]]></system-err>
</testsuite>
